2019-08-09 14:46:07.926  INFO   --- [main] c.w.v.n.m.c.ConfigurationInstance        : Named entity basePostProcessors was overridden in configuration class com.workfusion.vds.nlp.hypermodel.ie.generic.config.GenericIeHypermodelConfiguration.
2019-08-09 14:46:07.950  INFO   --- [main] c.w.v.n.m.c.ConfigurationInstance        : Named entity hpoConfiguration was overridden in configuration class com.workfusion.vds.nlp.hypermodel.GenericHpoConfiguration.
2019-08-09 14:46:07.963  INFO   --- [main] c.w.v.n.m.c.ConfigurationInstance        : Named entity basePostProcessors was overridden in configuration class com.workfusion.vds.nlp.hypermodel.ie.generic.config.GenericIeHypermodelConfiguration.
2019-08-09 14:46:07.966  INFO   --- [main] c.w.v.n.m.c.ConfigurationInstance        : Named entity hpoConfiguration was overridden in configuration class com.workfusion.vds.nlp.hypermodel.GenericHpoConfiguration.
2019-08-09 14:46:07.991  WARN   --- [main] c.w.v.n.m.c.ConfigurationBuilder         : Feature extractors are not provided
2019-08-09 14:46:07.991  WARN   --- [main] c.w.v.n.m.c.ConfigurationBuilder         : Annotators are not provided
2019-08-09 14:46:11.217  INFO   --- [[Procesing Pipeline#4 Thread]::] com.workfusion.vds.mesos.CpePipeline     : Complete processing file file:///C:/Users/wiskow.sj/workfusion-workspace/assignment/input/Type2/invoice122.html
2019-08-09 14:46:11.218  INFO   --- [[Procesing Pipeline#7 Thread]::] com.workfusion.vds.mesos.CpePipeline     : Complete processing file file:///C:/Users/wiskow.sj/workfusion-workspace/assignment/input/Type2/invoice106.html
2019-08-09 14:46:11.249  INFO   --- [[Procesing Pipeline#3 Thread]::] com.workfusion.vds.mesos.CpePipeline     : Complete processing file file:///C:/Users/wiskow.sj/workfusion-workspace/assignment/input/Type2/invoice116.html
2019-08-09 14:46:11.249  INFO   --- [[Procesing Pipeline#6 Thread]::] com.workfusion.vds.mesos.CpePipeline     : Complete processing file file:///C:/Users/wiskow.sj/workfusion-workspace/assignment/input/Type2/invoice113.html
2019-08-09 14:46:11.250  INFO   --- [[Procesing Pipeline#5 Thread]::] com.workfusion.vds.mesos.CpePipeline     : Complete processing file file:///C:/Users/wiskow.sj/workfusion-workspace/assignment/input/Type2/invoice118.html
2019-08-09 14:46:11.270  INFO   --- [[Procesing Pipeline#1 Thread]::] com.workfusion.vds.mesos.CpePipeline     : Complete processing file file:///C:/Users/wiskow.sj/workfusion-workspace/assignment/input/Type2/invoice0.html
2019-08-09 14:46:11.270  INFO   --- [[Procesing Pipeline#2 Thread]::] com.workfusion.vds.mesos.CpePipeline     : Complete processing file file:///C:/Users/wiskow.sj/workfusion-workspace/assignment/input/Type2/invoice108.html
2019-08-09 14:46:11.302  INFO   --- [[Procesing Pipeline#4 Thread]::] com.workfusion.vds.mesos.CpePipeline     : Complete processing file file:///C:/Users/wiskow.sj/workfusion-workspace/assignment/input/Type2/invoice124.html
2019-08-09 14:46:11.315  INFO   --- [[Procesing Pipeline#7 Thread]::] com.workfusion.vds.mesos.CpePipeline     : Complete processing file file:///C:/Users/wiskow.sj/workfusion-workspace/assignment/input/Type2/invoice126.html
2019-08-09 14:46:11.354  INFO   --- [[Procesing Pipeline#4 Thread]::] com.workfusion.vds.mesos.CpePipeline     : Complete processing file file:///C:/Users/wiskow.sj/workfusion-workspace/assignment/input/Type2/invoice141.html
2019-08-09 14:46:11.371  INFO   --- [[Procesing Pipeline#3 Thread]::] com.workfusion.vds.mesos.CpePipeline     : Complete processing file file:///C:/Users/wiskow.sj/workfusion-workspace/assignment/input/Type2/invoice128.html
2019-08-09 14:46:11.386  INFO   --- [[Procesing Pipeline#7 Thread]::] com.workfusion.vds.mesos.CpePipeline     : Complete processing file file:///C:/Users/wiskow.sj/workfusion-workspace/assignment/input/Type2/invoice144.html
2019-08-09 14:46:11.427  INFO   --- [[Procesing Pipeline#2 Thread]::] com.workfusion.vds.mesos.CpePipeline     : Complete processing file file:///C:/Users/wiskow.sj/workfusion-workspace/assignment/input/Type2/invoice14.html
2019-08-09 14:46:11.445  INFO   --- [[Procesing Pipeline#4 Thread]::] com.workfusion.vds.mesos.CpePipeline     : Complete processing file file:///C:/Users/wiskow.sj/workfusion-workspace/assignment/input/Type2/invoice149.html
2019-08-09 14:46:11.465  INFO   --- [[Procesing Pipeline#6 Thread]::] com.workfusion.vds.mesos.CpePipeline     : Complete processing file file:///C:/Users/wiskow.sj/workfusion-workspace/assignment/input/Type2/invoice129.html
2019-08-09 14:46:11.477  INFO   --- [[Procesing Pipeline#3 Thread]::] com.workfusion.vds.mesos.CpePipeline     : Complete processing file file:///C:/Users/wiskow.sj/workfusion-workspace/assignment/input/Type2/invoice151.html
2019-08-09 14:46:11.489  INFO   --- [[Procesing Pipeline#1 Thread]::] com.workfusion.vds.mesos.CpePipeline     : Complete processing file file:///C:/Users/wiskow.sj/workfusion-workspace/assignment/input/Type2/invoice135.html
2019-08-09 14:46:11.491  INFO   --- [[Procesing Pipeline#7 Thread]::] com.workfusion.vds.mesos.CpePipeline     : Complete processing file file:///C:/Users/wiskow.sj/workfusion-workspace/assignment/input/Type2/invoice155.html
2019-08-09 14:46:11.516  INFO   --- [[Procesing Pipeline#5 Thread]::] com.workfusion.vds.mesos.CpePipeline     : Complete processing file file:///C:/Users/wiskow.sj/workfusion-workspace/assignment/input/Type2/invoice138.html
2019-08-09 14:46:11.544  INFO   --- [[Procesing Pipeline#3 Thread]::] com.workfusion.vds.mesos.CpePipeline     : Complete processing file file:///C:/Users/wiskow.sj/workfusion-workspace/assignment/input/Type2/invoice173.html
2019-08-09 14:46:11.552  INFO   --- [[Procesing Pipeline#4 Thread]::] com.workfusion.vds.mesos.CpePipeline     : Complete processing file file:///C:/Users/wiskow.sj/workfusion-workspace/assignment/input/Type2/invoice16.html
2019-08-09 14:46:11.610  INFO   --- [[Procesing Pipeline#7 Thread]::] com.workfusion.vds.mesos.CpePipeline     : Complete processing file file:///C:/Users/wiskow.sj/workfusion-workspace/assignment/input/Type2/invoice176.html
2019-08-09 14:46:11.626  INFO   --- [[Procesing Pipeline#4 Thread]::] com.workfusion.vds.mesos.CpePipeline     : Complete processing file file:///C:/Users/wiskow.sj/workfusion-workspace/assignment/input/Type2/invoice20.html
2019-08-09 14:46:11.637  INFO   --- [[Procesing Pipeline#5 Thread]::] com.workfusion.vds.mesos.CpePipeline     : Complete processing file file:///C:/Users/wiskow.sj/workfusion-workspace/assignment/input/Type2/invoice185.html
2019-08-09 14:46:11.640  INFO   --- [[Procesing Pipeline#6 Thread]::] com.workfusion.vds.mesos.CpePipeline     : Complete processing file file:///C:/Users/wiskow.sj/workfusion-workspace/assignment/input/Type2/invoice160.html
2019-08-09 14:46:11.644  INFO   --- [[Procesing Pipeline#1 Thread]::] com.workfusion.vds.mesos.CpePipeline     : Complete processing file file:///C:/Users/wiskow.sj/workfusion-workspace/assignment/input/Type2/invoice174.html
2019-08-09 14:46:11.646  INFO   --- [[Procesing Pipeline#2 Thread]::] com.workfusion.vds.mesos.CpePipeline     : Complete processing file file:///C:/Users/wiskow.sj/workfusion-workspace/assignment/input/Type2/invoice159.html
2019-08-09 14:46:11.648  INFO   --- [[Procesing Pipeline#3 Thread]::] com.workfusion.vds.mesos.CpePipeline     : Complete processing file file:///C:/Users/wiskow.sj/workfusion-workspace/assignment/input/Type2/invoice192.html
2019-08-09 14:46:11.668  INFO   --- [[Procesing Pipeline#7 Thread]::] com.workfusion.vds.mesos.CpePipeline     : Complete processing file file:///C:/Users/wiskow.sj/workfusion-workspace/assignment/input/Type2/invoice201.html
2019-08-09 14:46:11.670  INFO   --- [BaseCPMImpl-Thread] com.workfusion.vds.mesos.CpePipeline     : Collection process complete
2019-08-09 14:46:12.084  INFO   --- [main] c.w.v.n.m.c.ConfigurationInstance        : Named entity basePostProcessors was overridden in configuration class com.workfusion.vds.nlp.hypermodel.ie.generic.config.GenericIeHypermodelConfiguration.
2019-08-09 14:46:12.088  INFO   --- [main] c.w.v.n.m.c.ConfigurationInstance        : Named entity hpoConfiguration was overridden in configuration class com.workfusion.vds.nlp.hypermodel.GenericHpoConfiguration.
2019-08-09 14:46:12.300  INFO   --- [main] c.w.v.n.m.c.ConfigurationInstance        : Named entity basePostProcessors was overridden in configuration class com.workfusion.vds.nlp.hypermodel.ie.generic.config.GenericIeHypermodelConfiguration.
2019-08-09 14:46:12.301  INFO   --- [main] c.w.v.n.m.c.ConfigurationInstance        : Named entity hpoConfiguration was overridden in configuration class com.workfusion.vds.nlp.hypermodel.GenericHpoConfiguration.
2019-08-09 14:46:12.303  INFO   --- [main] c.w.v.n.m.c.ConfigurationInstance        : Named entity basePostProcessors was overridden in configuration class com.workfusion.vds.nlp.hypermodel.ie.generic.config.GenericIeHypermodelConfiguration.
2019-08-09 14:46:12.305  INFO   --- [main] c.w.v.n.m.c.ConfigurationInstance        : Named entity hpoConfiguration was overridden in configuration class com.workfusion.vds.nlp.hypermodel.GenericHpoConfiguration.
2019-08-09 14:46:13.140  INFO   --- [main] c.w.v.n.m.c.ConfigurationInstance        : Named entity basePostProcessors was overridden in configuration class com.workfusion.vds.nlp.hypermodel.ie.generic.config.GenericIeHypermodelConfiguration.
2019-08-09 14:46:13.142  INFO   --- [main] c.w.v.n.m.c.ConfigurationInstance        : Named entity hpoConfiguration was overridden in configuration class com.workfusion.vds.nlp.hypermodel.GenericHpoConfiguration.
2019-08-09 14:46:13.144  INFO   --- [main] c.w.v.n.m.c.ConfigurationInstance        : Named entity basePostProcessors was overridden in configuration class com.workfusion.vds.nlp.hypermodel.ie.generic.config.GenericIeHypermodelConfiguration.
2019-08-09 14:46:13.146  INFO   --- [main] c.w.v.n.m.c.ConfigurationInstance        : Named entity hpoConfiguration was overridden in configuration class com.workfusion.vds.nlp.hypermodel.GenericHpoConfiguration.
2019-08-09 14:46:13.146  WARN   --- [main] c.w.v.n.m.c.ConfigurationBuilder         : Feature extractors are not provided
2019-08-09 14:46:13.147  WARN   --- [main] c.w.v.n.m.c.ConfigurationBuilder         : Annotators are not provided
2019-08-09 14:46:14.543  INFO   --- [main] c.w.v.n.m.c.ConfigurationInstance        : Named entity basePostProcessors was overridden in configuration class com.workfusion.vds.nlp.hypermodel.ie.generic.config.GenericIeHypermodelConfiguration.
2019-08-09 14:46:14.544  INFO   --- [main] c.w.v.n.m.c.ConfigurationInstance        : Named entity hpoConfiguration was overridden in configuration class com.workfusion.vds.nlp.hypermodel.GenericHpoConfiguration.
2019-08-09 14:46:14.545  INFO   --- [main] c.w.v.n.m.c.ConfigurationInstance        : Named entity basePostProcessors was overridden in configuration class com.workfusion.vds.nlp.hypermodel.ie.generic.config.GenericIeHypermodelConfiguration.
2019-08-09 14:46:14.546  INFO   --- [main] c.w.v.n.m.c.ConfigurationInstance        : Named entity hpoConfiguration was overridden in configuration class com.workfusion.vds.nlp.hypermodel.GenericHpoConfiguration.
2019-08-09 14:46:14.546  WARN   --- [main] c.w.v.n.m.c.ConfigurationBuilder         : Feature extractors are not provided
2019-08-09 14:46:14.546  WARN   --- [main] c.w.v.n.m.c.ConfigurationBuilder         : Annotators are not provided
2019-08-09 14:46:14.982  INFO   --- [main] c.w.v.nlp.hypermodel.runner.ModelRunner  : Model execution completed!
