2019-08-22 11:19:08.505  INFO   --- [main] c.w.v.n.m.c.ConfigurationInstance        : Named entity basePostProcessors was overridden in configuration class com.workfusion.vds.nlp.hypermodel.ie.generic.config.GenericIeHypermodelConfiguration.
2019-08-22 11:19:08.574  INFO   --- [main] c.w.v.n.m.c.ConfigurationInstance        : Named entity hpoConfiguration was overridden in configuration class com.workfusion.vds.nlp.hypermodel.GenericHpoConfiguration.
2019-08-22 11:19:08.614  INFO   --- [main] c.w.v.n.m.c.ConfigurationInstance        : Named entity basePostProcessors was overridden in configuration class com.workfusion.vds.nlp.hypermodel.ie.generic.config.GenericIeHypermodelConfiguration.
2019-08-22 11:19:08.622  INFO   --- [main] c.w.v.n.m.c.ConfigurationInstance        : Named entity hpoConfiguration was overridden in configuration class com.workfusion.vds.nlp.hypermodel.GenericHpoConfiguration.
2019-08-22 11:19:08.699  WARN   --- [main] c.w.v.n.m.c.ConfigurationBuilder         : Feature extractors are not provided
2019-08-22 11:19:08.699  WARN   --- [main] c.w.v.n.m.c.ConfigurationBuilder         : Annotators are not provided
2019-08-22 11:19:19.526  INFO   --- [PerPageIeCompositeAnnotator-thread-1] c.w.n.u.e.r.MultiDictionaryProvider      : Directory 'C:\Users\wiskow.sj\workfusion-workspace\assignment\output\training\output\model\invoice_number\dictionaries' does not exist.
2019-08-22 11:19:19.527  INFO   --- [PerPageIeCompositeAnnotator-thread-0] c.w.n.u.e.r.MultiDictionaryProvider      : Directory 'C:\Users\wiskow.sj\workfusion-workspace\assignment\output\training\output\model\supplier_name\dictionaries' does not exist.
2019-08-22 11:19:19.530  INFO   --- [PerPageIeCompositeAnnotator-thread-2] c.w.n.u.e.r.MultiDictionaryProvider      : Directory 'C:\Users\wiskow.sj\workfusion-workspace\assignment\output\training\output\model\invoice_date\dictionaries' does not exist.
2019-08-22 11:19:19.527  INFO   --- [PerPageIeCompositeAnnotator-thread-1] c.w.n.u.e.r.MultiDictionaryProvider      : Directory 'C:\Users\wiskow.sj\workfusion-workspace\assignment\output\training\output\model\invoice_number\dictionaries' does not exist.
2019-08-22 11:19:19.527  INFO   --- [PerPageIeCompositeAnnotator-thread-2] c.w.n.u.e.r.MultiDictionaryProvider      : Directory 'C:\Users\wiskow.sj\workfusion-workspace\assignment\output\training\output\model\invoice_date\dictionaries' does not exist.
2019-08-22 11:19:19.531  INFO   --- [PerPageIeCompositeAnnotator-thread-0] c.w.n.u.e.r.MultiDictionaryProvider      : Directory 'C:\Users\wiskow.sj\workfusion-workspace\assignment\output\training\output\model\supplier_name\dictionaries' does not exist.
2019-08-22 11:19:19.531  INFO   --- [PerPageIeCompositeAnnotator-thread-2] c.w.n.u.e.r.MultiDictionaryProvider      : Directory 'C:\Users\wiskow.sj\workfusion-workspace\assignment\output\training\output\model\invoice_date\dictionaries' does not exist.
2019-08-22 11:19:19.529  INFO   --- [PerPageIeCompositeAnnotator-thread-1] c.w.n.u.e.r.MultiDictionaryProvider      : Directory 'C:\Users\wiskow.sj\workfusion-workspace\assignment\output\training\output\model\invoice_number\dictionaries' does not exist.
2019-08-22 11:19:19.535  INFO   --- [PerPageIeCompositeAnnotator-thread-0] c.w.n.u.e.r.MultiDictionaryProvider      : Directory 'C:\Users\wiskow.sj\workfusion-workspace\assignment\output\training\output\model\supplier_name\dictionaries' does not exist.
2019-08-22 11:19:19.539  INFO   --- [PerPageIeCompositeAnnotator-thread-1] c.w.n.u.e.r.MultiDictionaryProvider      : Directory 'C:\Users\wiskow.sj\workfusion-workspace\assignment\output\training\output\model\invoice_number\dictionaries' does not exist.
2019-08-22 11:19:19.531  INFO   --- [PerPageIeCompositeAnnotator-thread-2] c.w.n.u.e.r.MultiDictionaryProvider      : Directory 'C:\Users\wiskow.sj\workfusion-workspace\assignment\output\training\output\model\invoice_date\dictionaries' does not exist.
2019-08-22 11:19:19.527  INFO   --- [PerPageIeCompositeAnnotator-thread-2] c.w.n.u.e.r.MultiDictionaryProvider      : Directory 'C:\Users\wiskow.sj\workfusion-workspace\assignment\output\training\output\model\invoice_date\dictionaries' does not exist.
2019-08-22 11:19:19.542  INFO   --- [PerPageIeCompositeAnnotator-thread-1] c.w.n.u.e.r.MultiDictionaryProvider      : Directory 'C:\Users\wiskow.sj\workfusion-workspace\assignment\output\training\output\model\invoice_number\dictionaries' does not exist.
2019-08-22 11:19:19.538  INFO   --- [PerPageIeCompositeAnnotator-thread-0] c.w.n.u.e.r.MultiDictionaryProvider      : Directory 'C:\Users\wiskow.sj\workfusion-workspace\assignment\output\training\output\model\supplier_name\dictionaries' does not exist.
2019-08-22 11:19:19.528  INFO   --- [PerPageIeCompositeAnnotator-thread-0] c.w.n.u.e.r.MultiDictionaryProvider      : Directory 'C:\Users\wiskow.sj\workfusion-workspace\assignment\output\training\output\model\supplier_name\dictionaries' does not exist.
2019-08-22 11:19:19.531  INFO   --- [PerPageIeCompositeAnnotator-thread-1] c.w.n.u.e.r.MultiDictionaryProvider      : Directory 'C:\Users\wiskow.sj\workfusion-workspace\assignment\output\training\output\model\invoice_number\dictionaries' does not exist.
2019-08-22 11:19:19.538  INFO   --- [PerPageIeCompositeAnnotator-thread-0] c.w.n.u.e.r.MultiDictionaryProvider      : Directory 'C:\Users\wiskow.sj\workfusion-workspace\assignment\output\training\output\model\supplier_name\dictionaries' does not exist.
2019-08-22 11:19:19.538  INFO   --- [PerPageIeCompositeAnnotator-thread-2] c.w.n.u.e.r.MultiDictionaryProvider      : Directory 'C:\Users\wiskow.sj\workfusion-workspace\assignment\output\training\output\model\invoice_date\dictionaries' does not exist.
2019-08-22 11:19:22.275  INFO   --- [[Procesing Pipeline#7 Thread]::] com.workfusion.vds.mesos.CpePipeline     : Complete processing file file:///C:/Users/wiskow.sj/workfusion-workspace/assignment/validation/b_424261_1526302379_1.html
2019-08-22 11:19:23.898  INFO   --- [[Procesing Pipeline#7 Thread]::] com.workfusion.vds.mesos.CpePipeline     : Complete processing file file:///C:/Users/wiskow.sj/workfusion-workspace/assignment/validation/c_427915_1526302430_0.html
2019-08-22 11:19:24.628  INFO   --- [[Procesing Pipeline#7 Thread]::] com.workfusion.vds.mesos.CpePipeline     : Complete processing file file:///C:/Users/wiskow.sj/workfusion-workspace/assignment/validation/doc00123920180117122119.html
2019-08-22 11:19:25.613  INFO   --- [[Procesing Pipeline#7 Thread]::] com.workfusion.vds.mesos.CpePipeline     : Complete processing file file:///C:/Users/wiskow.sj/workfusion-workspace/assignment/validation/doc00125020180117122554.html
2019-08-22 11:19:28.012  INFO   --- [PerPageIeCompositeAnnotator-thread-0] c.w.n.u.e.r.MultiDictionaryProvider      : Directory 'C:\Users\wiskow.sj\workfusion-workspace\assignment\output\training\output\model\supplier_name\dictionaries' does not exist.
2019-08-22 11:19:28.067  INFO   --- [PerPageIeCompositeAnnotator-thread-1] c.w.n.u.e.r.MultiDictionaryProvider      : Directory 'C:\Users\wiskow.sj\workfusion-workspace\assignment\output\training\output\model\invoice_number\dictionaries' does not exist.
2019-08-22 11:19:28.112  INFO   --- [PerPageIeCompositeAnnotator-thread-2] c.w.n.u.e.r.MultiDictionaryProvider      : Directory 'C:\Users\wiskow.sj\workfusion-workspace\assignment\output\training\output\model\invoice_date\dictionaries' does not exist.
2019-08-22 11:19:29.643  INFO   --- [PerPageIeCompositeAnnotator-thread-1] c.w.n.u.e.r.MultiDictionaryProvider      : Directory 'C:\Users\wiskow.sj\workfusion-workspace\assignment\output\training\output\model\total_amount\dictionaries' does not exist.
2019-08-22 11:19:29.752  INFO   --- [PerPageIeCompositeAnnotator-thread-1] c.w.n.u.e.r.MultiDictionaryProvider      : Directory 'C:\Users\wiskow.sj\workfusion-workspace\assignment\output\training\output\model\total_amount\dictionaries' does not exist.
2019-08-22 11:19:30.448  INFO   --- [PerPageIeCompositeAnnotator-thread-1] c.w.n.u.e.r.MultiDictionaryProvider      : Directory 'C:\Users\wiskow.sj\workfusion-workspace\assignment\output\training\output\model\total_amount\dictionaries' does not exist.
2019-08-22 11:19:31.265  INFO   --- [PerPageIeCompositeAnnotator-thread-2] c.w.n.u.e.r.MultiDictionaryProvider      : Directory 'C:\Users\wiskow.sj\workfusion-workspace\assignment\output\training\output\model\email\dictionaries' does not exist.
2019-08-22 11:19:31.474  INFO   --- [PerPageIeCompositeAnnotator-thread-0] c.w.n.u.e.r.MultiDictionaryProvider      : Directory 'C:\Users\wiskow.sj\workfusion-workspace\assignment\output\training\output\model\email\dictionaries' does not exist.
2019-08-22 11:19:31.901  INFO   --- [PerPageIeCompositeAnnotator-thread-1] c.w.n.u.e.r.MultiDictionaryProvider      : Directory 'C:\Users\wiskow.sj\workfusion-workspace\assignment\output\training\output\model\total_amount\dictionaries' does not exist.
2019-08-22 11:19:31.919  INFO   --- [PerPageIeCompositeAnnotator-thread-2] c.w.n.u.e.r.MultiDictionaryProvider      : Directory 'C:\Users\wiskow.sj\workfusion-workspace\assignment\output\training\output\model\email\dictionaries' does not exist.
2019-08-22 11:19:32.047  INFO   --- [PerPageIeCompositeAnnotator-thread-1] c.w.n.u.e.r.MultiDictionaryProvider      : Directory 'C:\Users\wiskow.sj\workfusion-workspace\assignment\output\training\output\model\total_amount\dictionaries' does not exist.
2019-08-22 11:19:32.131  INFO   --- [PerPageIeCompositeAnnotator-thread-1] c.w.n.u.e.r.MultiDictionaryProvider      : Directory 'C:\Users\wiskow.sj\workfusion-workspace\assignment\output\training\output\model\email\dictionaries' does not exist.
2019-08-22 11:19:32.291  INFO   --- [PerPageIeCompositeAnnotator-thread-2] c.w.n.u.e.r.MultiDictionaryProvider      : Directory 'C:\Users\wiskow.sj\workfusion-workspace\assignment\output\training\output\model\email\dictionaries' does not exist.
2019-08-22 11:19:32.433  INFO   --- [PerPageIeCompositeAnnotator-thread-1] c.w.n.u.e.r.MultiDictionaryProvider      : Directory 'C:\Users\wiskow.sj\workfusion-workspace\assignment\output\training\output\model\product\dictionaries' does not exist.
2019-08-22 11:19:32.433  INFO   --- [PerPageIeCompositeAnnotator-thread-2] c.w.n.u.e.r.MultiDictionaryProvider      : Directory 'C:\Users\wiskow.sj\workfusion-workspace\assignment\output\training\output\model\product\dictionaries' does not exist.
2019-08-22 11:19:32.466  INFO   --- [PerPageIeCompositeAnnotator-thread-2] c.w.n.u.e.r.MultiDictionaryProvider      : Directory 'C:\Users\wiskow.sj\workfusion-workspace\assignment\output\training\output\model\total_amount\dictionaries' does not exist.
2019-08-22 11:19:32.473  INFO   --- [PerPageIeCompositeAnnotator-thread-2] c.w.n.u.e.r.MultiDictionaryProvider      : Directory 'C:\Users\wiskow.sj\workfusion-workspace\assignment\output\training\output\model\email\dictionaries' does not exist.
2019-08-22 11:19:32.502  INFO   --- [PerPageIeCompositeAnnotator-thread-0] c.w.n.u.e.r.MultiDictionaryProvider      : Directory 'C:\Users\wiskow.sj\workfusion-workspace\assignment\output\training\output\model\total_amount\dictionaries' does not exist.
2019-08-22 11:19:32.593  INFO   --- [PerPageIeCompositeAnnotator-thread-0] c.w.n.u.e.r.MultiDictionaryProvider      : Directory 'C:\Users\wiskow.sj\workfusion-workspace\assignment\output\training\output\model\product\dictionaries' does not exist.
2019-08-22 11:19:34.065  INFO   --- [PerPageIeCompositeAnnotator-thread-0] c.w.n.u.e.r.MultiDictionaryProvider      : Directory 'C:\Users\wiskow.sj\workfusion-workspace\assignment\output\training\output\model\price\dictionaries' does not exist.
2019-08-22 11:19:34.298  INFO   --- [PerPageIeCompositeAnnotator-thread-2] c.w.n.u.e.r.MultiDictionaryProvider      : Directory 'C:\Users\wiskow.sj\workfusion-workspace\assignment\output\training\output\model\email\dictionaries' does not exist.
2019-08-22 11:19:34.642  INFO   --- [PerPageIeCompositeAnnotator-thread-1] c.w.n.u.e.r.MultiDictionaryProvider      : Directory 'C:\Users\wiskow.sj\workfusion-workspace\assignment\output\training\output\model\quantity\dictionaries' does not exist.
2019-08-22 11:19:34.884  INFO   --- [PerPageIeCompositeAnnotator-thread-0] c.w.n.u.e.r.MultiDictionaryProvider      : Directory 'C:\Users\wiskow.sj\workfusion-workspace\assignment\output\training\output\model\product\dictionaries' does not exist.
2019-08-22 11:19:34.914  INFO   --- [PerPageIeCompositeAnnotator-thread-0] c.w.n.u.e.r.MultiDictionaryProvider      : Directory 'C:\Users\wiskow.sj\workfusion-workspace\assignment\output\training\output\model\product\dictionaries' does not exist.
2019-08-22 11:19:34.920  INFO   --- [PerPageIeCompositeAnnotator-thread-2] c.w.n.u.e.r.MultiDictionaryProvider      : Directory 'C:\Users\wiskow.sj\workfusion-workspace\assignment\output\training\output\model\quantity\dictionaries' does not exist.
2019-08-22 11:19:35.195  INFO   --- [PerPageIeCompositeAnnotator-thread-0] c.w.n.u.e.r.MultiDictionaryProvider      : Directory 'C:\Users\wiskow.sj\workfusion-workspace\assignment\output\training\output\model\product\dictionaries' does not exist.
2019-08-22 11:19:35.918  INFO   --- [PerPageIeCompositeAnnotator-thread-1] c.w.n.u.e.r.MultiDictionaryProvider      : Directory 'C:\Users\wiskow.sj\workfusion-workspace\assignment\output\training\output\model\quantity\dictionaries' does not exist.
2019-08-22 11:19:36.068  INFO   --- [PerPageIeCompositeAnnotator-thread-2] c.w.n.u.e.r.MultiDictionaryProvider      : Directory 'C:\Users\wiskow.sj\workfusion-workspace\assignment\output\training\output\model\quantity\dictionaries' does not exist.
2019-08-22 11:19:36.861  INFO   --- [PerPageIeCompositeAnnotator-thread-1] c.w.n.u.e.r.MultiDictionaryProvider      : Directory 'C:\Users\wiskow.sj\workfusion-workspace\assignment\output\training\output\model\price\dictionaries' does not exist.
2019-08-22 11:19:37.096  INFO   --- [PerPageIeCompositeAnnotator-thread-2] c.w.n.u.e.r.MultiDictionaryProvider      : Directory 'C:\Users\wiskow.sj\workfusion-workspace\assignment\output\training\output\model\quantity\dictionaries' does not exist.
2019-08-22 11:19:37.194  INFO   --- [PerPageIeCompositeAnnotator-thread-1] c.w.n.u.e.r.MultiDictionaryProvider      : Directory 'C:\Users\wiskow.sj\workfusion-workspace\assignment\output\training\output\model\price\dictionaries' does not exist.
2019-08-22 11:19:37.344  INFO   --- [PerPageIeCompositeAnnotator-thread-2] c.w.n.u.e.r.MultiDictionaryProvider      : Directory 'C:\Users\wiskow.sj\workfusion-workspace\assignment\output\training\output\model\price\dictionaries' does not exist.
2019-08-22 11:19:37.618  INFO   --- [PerPageIeCompositeAnnotator-thread-0] c.w.n.u.e.r.MultiDictionaryProvider      : Directory 'C:\Users\wiskow.sj\workfusion-workspace\assignment\output\training\output\model\quantity\dictionaries' does not exist.
2019-08-22 11:19:37.623  INFO   --- [PerPageIeCompositeAnnotator-thread-1] c.w.n.u.e.r.MultiDictionaryProvider      : Directory 'C:\Users\wiskow.sj\workfusion-workspace\assignment\output\training\output\model\price\dictionaries' does not exist.
2019-08-22 11:19:37.499  INFO   --- [PerPageIeCompositeAnnotator-thread-1] c.w.n.u.e.r.MultiDictionaryProvider      : Directory 'C:\Users\wiskow.sj\workfusion-workspace\assignment\output\training\output\model\product\dictionaries' does not exist.
2019-08-22 11:19:38.772  INFO   --- [[Procesing Pipeline#3 Thread]::] com.workfusion.vds.mesos.CpePipeline     : Complete processing file file:///C:/Users/wiskow.sj/workfusion-workspace/assignment/validation/389842_advanced_1526302224_1.html
2019-08-22 11:19:38.953  INFO   --- [PerPageIeCompositeAnnotator-thread-2] c.w.n.u.e.r.MultiDictionaryProvider      : Directory 'C:\Users\wiskow.sj\workfusion-workspace\assignment\output\training\output\model\quantity\dictionaries' does not exist.
2019-08-22 11:19:39.417  INFO   --- [PerPageIeCompositeAnnotator-thread-2] c.w.n.u.e.r.MultiDictionaryProvider      : Directory 'C:\Users\wiskow.sj\workfusion-workspace\assignment\output\training\output\model\price\dictionaries' does not exist.
2019-08-22 11:19:39.865  INFO   --- [[Procesing Pipeline#7 Thread]::] com.workfusion.vds.mesos.CpePipeline     : Complete processing file file:///C:/Users/wiskow.sj/workfusion-workspace/assignment/validation/doc00145620180117152142.html
2019-08-22 11:19:39.960  INFO   --- [PerPageIeCompositeAnnotator-thread-0] c.w.n.u.e.r.MultiDictionaryProvider      : Directory 'C:\Users\wiskow.sj\workfusion-workspace\assignment\output\training\output\model\price\dictionaries' does not exist.
2019-08-22 11:19:40.743  INFO   --- [[Procesing Pipeline#5 Thread]::] com.workfusion.vds.mesos.CpePipeline     : Complete processing file file:///C:/Users/wiskow.sj/workfusion-workspace/assignment/validation/389842_advanced_1526302224_2.html
2019-08-22 11:19:40.849  INFO   --- [[Procesing Pipeline#4 Thread]::] com.workfusion.vds.mesos.CpePipeline     : Complete processing file file:///C:/Users/wiskow.sj/workfusion-workspace/assignment/validation/389057_1526301926_2.html
2019-08-22 11:19:41.256  INFO   --- [[Procesing Pipeline#1 Thread]::] com.workfusion.vds.mesos.CpePipeline     : Complete processing file file:///C:/Users/wiskow.sj/workfusion-workspace/assignment/validation/0025c002-4ec2-4c6a-ac40-b1cb4d14cb18_1526302796_2.html
2019-08-22 11:19:41.615  INFO   --- [[Procesing Pipeline#2 Thread]::] com.workfusion.vds.mesos.CpePipeline     : Complete processing file file:///C:/Users/wiskow.sj/workfusion-workspace/assignment/validation/389057_1526301926_1.html
2019-08-22 11:19:41.856  INFO   --- [[Procesing Pipeline#6 Thread]::] com.workfusion.vds.mesos.CpePipeline     : Complete processing file file:///C:/Users/wiskow.sj/workfusion-workspace/assignment/validation/0025c002-4ec2-4c6a-ac40-b1cb4d14cb18_1526302796_3.html
