2019-08-23 08:02:56.776  INFO   --- [main] c.w.v.n.m.c.ConfigurationInstance        : Named entity basePostProcessors was overridden in configuration class com.workfusion.vds.nlp.hypermodel.ie.generic.config.GenericIeHypermodelConfiguration.
2019-08-23 08:02:56.819  INFO   --- [main] c.w.v.n.m.c.ConfigurationInstance        : Named entity hpoConfiguration was overridden in configuration class com.workfusion.vds.nlp.hypermodel.GenericHpoConfiguration.
2019-08-23 08:02:56.846  INFO   --- [main] c.w.v.n.m.c.ConfigurationInstance        : Named entity basePostProcessors was overridden in configuration class com.workfusion.vds.nlp.hypermodel.ie.generic.config.GenericIeHypermodelConfiguration.
2019-08-23 08:02:56.850  INFO   --- [main] c.w.v.n.m.c.ConfigurationInstance        : Named entity hpoConfiguration was overridden in configuration class com.workfusion.vds.nlp.hypermodel.GenericHpoConfiguration.
2019-08-23 08:02:56.914  WARN   --- [main] c.w.v.n.m.c.ConfigurationBuilder         : Feature extractors are not provided
2019-08-23 08:02:56.915  WARN   --- [main] c.w.v.n.m.c.ConfigurationBuilder         : Annotators are not provided
2019-08-23 08:03:04.103  INFO   --- [PerPageIeCompositeAnnotator-thread-1] c.w.n.u.e.r.MultiDictionaryProvider      : Directory 'C:\Users\wiskow.sj\workfusion-workspace\assignment\output\training\output\model\invoice_number\dictionaries' does not exist.
2019-08-23 08:03:04.104  INFO   --- [PerPageIeCompositeAnnotator-thread-0] c.w.n.u.e.r.MultiDictionaryProvider      : Directory 'C:\Users\wiskow.sj\workfusion-workspace\assignment\output\training\output\model\supplier_name\dictionaries' does not exist.
2019-08-23 08:03:04.106  INFO   --- [PerPageIeCompositeAnnotator-thread-0] c.w.n.u.e.r.MultiDictionaryProvider      : Directory 'C:\Users\wiskow.sj\workfusion-workspace\assignment\output\training\output\model\supplier_name\dictionaries' does not exist.
2019-08-23 08:03:04.102  INFO   --- [PerPageIeCompositeAnnotator-thread-0] c.w.n.u.e.r.MultiDictionaryProvider      : Directory 'C:\Users\wiskow.sj\workfusion-workspace\assignment\output\training\output\model\supplier_name\dictionaries' does not exist.
2019-08-23 08:03:04.104  INFO   --- [PerPageIeCompositeAnnotator-thread-1] c.w.n.u.e.r.MultiDictionaryProvider      : Directory 'C:\Users\wiskow.sj\workfusion-workspace\assignment\output\training\output\model\invoice_number\dictionaries' does not exist.
2019-08-23 08:03:04.104  INFO   --- [PerPageIeCompositeAnnotator-thread-2] c.w.n.u.e.r.MultiDictionaryProvider      : Directory 'C:\Users\wiskow.sj\workfusion-workspace\assignment\output\training\output\model\invoice_date\dictionaries' does not exist.
2019-08-23 08:03:04.104  INFO   --- [PerPageIeCompositeAnnotator-thread-2] c.w.n.u.e.r.MultiDictionaryProvider      : Directory 'C:\Users\wiskow.sj\workfusion-workspace\assignment\output\training\output\model\invoice_date\dictionaries' does not exist.
2019-08-23 08:03:04.105  INFO   --- [PerPageIeCompositeAnnotator-thread-0] c.w.n.u.e.r.MultiDictionaryProvider      : Directory 'C:\Users\wiskow.sj\workfusion-workspace\assignment\output\training\output\model\supplier_name\dictionaries' does not exist.
2019-08-23 08:03:04.105  INFO   --- [PerPageIeCompositeAnnotator-thread-2] c.w.n.u.e.r.MultiDictionaryProvider      : Directory 'C:\Users\wiskow.sj\workfusion-workspace\assignment\output\training\output\model\invoice_date\dictionaries' does not exist.
2019-08-23 08:03:04.105  INFO   --- [PerPageIeCompositeAnnotator-thread-1] c.w.n.u.e.r.MultiDictionaryProvider      : Directory 'C:\Users\wiskow.sj\workfusion-workspace\assignment\output\training\output\model\invoice_number\dictionaries' does not exist.
2019-08-23 08:03:04.105  INFO   --- [PerPageIeCompositeAnnotator-thread-1] c.w.n.u.e.r.MultiDictionaryProvider      : Directory 'C:\Users\wiskow.sj\workfusion-workspace\assignment\output\training\output\model\invoice_number\dictionaries' does not exist.
2019-08-23 08:03:04.106  INFO   --- [PerPageIeCompositeAnnotator-thread-1] c.w.n.u.e.r.MultiDictionaryProvider      : Directory 'C:\Users\wiskow.sj\workfusion-workspace\assignment\output\training\output\model\invoice_number\dictionaries' does not exist.
2019-08-23 08:03:04.105  INFO   --- [PerPageIeCompositeAnnotator-thread-0] c.w.n.u.e.r.MultiDictionaryProvider      : Directory 'C:\Users\wiskow.sj\workfusion-workspace\assignment\output\training\output\model\supplier_name\dictionaries' does not exist.
2019-08-23 08:03:04.102  INFO   --- [PerPageIeCompositeAnnotator-thread-1] c.w.n.u.e.r.MultiDictionaryProvider      : Directory 'C:\Users\wiskow.sj\workfusion-workspace\assignment\output\training\output\model\invoice_number\dictionaries' does not exist.
2019-08-23 08:03:04.106  INFO   --- [PerPageIeCompositeAnnotator-thread-2] c.w.n.u.e.r.MultiDictionaryProvider      : Directory 'C:\Users\wiskow.sj\workfusion-workspace\assignment\output\training\output\model\invoice_date\dictionaries' does not exist.
2019-08-23 08:03:04.103  INFO   --- [PerPageIeCompositeAnnotator-thread-2] c.w.n.u.e.r.MultiDictionaryProvider      : Directory 'C:\Users\wiskow.sj\workfusion-workspace\assignment\output\training\output\model\invoice_date\dictionaries' does not exist.
2019-08-23 08:03:04.105  INFO   --- [PerPageIeCompositeAnnotator-thread-0] c.w.n.u.e.r.MultiDictionaryProvider      : Directory 'C:\Users\wiskow.sj\workfusion-workspace\assignment\output\training\output\model\supplier_name\dictionaries' does not exist.
2019-08-23 08:03:04.106  INFO   --- [PerPageIeCompositeAnnotator-thread-2] c.w.n.u.e.r.MultiDictionaryProvider      : Directory 'C:\Users\wiskow.sj\workfusion-workspace\assignment\output\training\output\model\invoice_date\dictionaries' does not exist.
2019-08-23 08:03:05.709  INFO   --- [[Procesing Pipeline#4 Thread]::] com.workfusion.vds.mesos.CpePipeline     : Complete processing file file:///C:/Users/wiskow.sj/workfusion-workspace/assignment/validation/b_424261_1526302379_1.html
2019-08-23 08:03:06.507  INFO   --- [[Procesing Pipeline#4 Thread]::] com.workfusion.vds.mesos.CpePipeline     : Complete processing file file:///C:/Users/wiskow.sj/workfusion-workspace/assignment/validation/c_427915_1526302430_0.html
2019-08-23 08:03:07.100  INFO   --- [[Procesing Pipeline#4 Thread]::] com.workfusion.vds.mesos.CpePipeline     : Complete processing file file:///C:/Users/wiskow.sj/workfusion-workspace/assignment/validation/doc00123920180117122119.html
2019-08-23 08:03:07.844  INFO   --- [[Procesing Pipeline#4 Thread]::] com.workfusion.vds.mesos.CpePipeline     : Complete processing file file:///C:/Users/wiskow.sj/workfusion-workspace/assignment/validation/doc00125020180117122554.html
2019-08-23 08:03:09.462  INFO   --- [PerPageIeCompositeAnnotator-thread-1] c.w.n.u.e.r.MultiDictionaryProvider      : Directory 'C:\Users\wiskow.sj\workfusion-workspace\assignment\output\training\output\model\invoice_number\dictionaries' does not exist.
2019-08-23 08:03:09.551  INFO   --- [PerPageIeCompositeAnnotator-thread-0] c.w.n.u.e.r.MultiDictionaryProvider      : Directory 'C:\Users\wiskow.sj\workfusion-workspace\assignment\output\training\output\model\supplier_name\dictionaries' does not exist.
2019-08-23 08:03:09.746  INFO   --- [PerPageIeCompositeAnnotator-thread-2] c.w.n.u.e.r.MultiDictionaryProvider      : Directory 'C:\Users\wiskow.sj\workfusion-workspace\assignment\output\training\output\model\invoice_date\dictionaries' does not exist.
2019-08-23 08:03:10.649  INFO   --- [PerPageIeCompositeAnnotator-thread-1] c.w.n.u.e.r.MultiDictionaryProvider      : Directory 'C:\Users\wiskow.sj\workfusion-workspace\assignment\output\training\output\model\total_amount\dictionaries' does not exist.
2019-08-23 08:03:10.705  INFO   --- [PerPageIeCompositeAnnotator-thread-1] c.w.n.u.e.r.MultiDictionaryProvider      : Directory 'C:\Users\wiskow.sj\workfusion-workspace\assignment\output\training\output\model\total_amount\dictionaries' does not exist.
2019-08-23 08:03:11.416  INFO   --- [PerPageIeCompositeAnnotator-thread-1] c.w.n.u.e.r.MultiDictionaryProvider      : Directory 'C:\Users\wiskow.sj\workfusion-workspace\assignment\output\training\output\model\total_amount\dictionaries' does not exist.
2019-08-23 08:03:11.586  INFO   --- [PerPageIeCompositeAnnotator-thread-1] c.w.n.u.e.r.MultiDictionaryProvider      : Directory 'C:\Users\wiskow.sj\workfusion-workspace\assignment\output\training\output\model\total_amount\dictionaries' does not exist.
2019-08-23 08:03:11.689  INFO   --- [PerPageIeCompositeAnnotator-thread-1] c.w.n.u.e.r.MultiDictionaryProvider      : Directory 'C:\Users\wiskow.sj\workfusion-workspace\assignment\output\training\output\model\total_amount\dictionaries' does not exist.
2019-08-23 08:03:12.082  INFO   --- [PerPageIeCompositeAnnotator-thread-0] c.w.n.u.e.r.MultiDictionaryProvider      : Directory 'C:\Users\wiskow.sj\workfusion-workspace\assignment\output\training\output\model\email\dictionaries' does not exist.
2019-08-23 08:03:12.082  INFO   --- [PerPageIeCompositeAnnotator-thread-2] c.w.n.u.e.r.MultiDictionaryProvider      : Directory 'C:\Users\wiskow.sj\workfusion-workspace\assignment\output\training\output\model\email\dictionaries' does not exist.
2019-08-23 08:03:12.215  INFO   --- [PerPageIeCompositeAnnotator-thread-0] c.w.n.u.e.r.MultiDictionaryProvider      : Directory 'C:\Users\wiskow.sj\workfusion-workspace\assignment\output\training\output\model\total_amount\dictionaries' does not exist.
2019-08-23 08:03:12.461  INFO   --- [PerPageIeCompositeAnnotator-thread-2] c.w.n.u.e.r.MultiDictionaryProvider      : Directory 'C:\Users\wiskow.sj\workfusion-workspace\assignment\output\training\output\model\total_amount\dictionaries' does not exist.
2019-08-23 08:03:12.548  INFO   --- [PerPageIeCompositeAnnotator-thread-2] c.w.n.u.e.r.MultiDictionaryProvider      : Directory 'C:\Users\wiskow.sj\workfusion-workspace\assignment\output\training\output\model\email\dictionaries' does not exist.
2019-08-23 08:03:13.042  INFO   --- [PerPageIeCompositeAnnotator-thread-2] c.w.n.u.e.r.MultiDictionaryProvider      : Directory 'C:\Users\wiskow.sj\workfusion-workspace\assignment\output\training\output\model\email\dictionaries' does not exist.
2019-08-23 08:03:13.051  INFO   --- [PerPageIeCompositeAnnotator-thread-1] c.w.n.u.e.r.MultiDictionaryProvider      : Directory 'C:\Users\wiskow.sj\workfusion-workspace\assignment\output\training\output\model\email\dictionaries' does not exist.
2019-08-23 08:03:13.289  INFO   --- [PerPageIeCompositeAnnotator-thread-0] c.w.n.u.e.r.MultiDictionaryProvider      : Directory 'C:\Users\wiskow.sj\workfusion-workspace\assignment\output\training\output\model\email\dictionaries' does not exist.
2019-08-23 08:03:13.314  INFO   --- [PerPageIeCompositeAnnotator-thread-2] c.w.n.u.e.r.MultiDictionaryProvider      : Directory 'C:\Users\wiskow.sj\workfusion-workspace\assignment\output\training\output\model\product\dictionaries' does not exist.
2019-08-23 08:03:13.325  INFO   --- [PerPageIeCompositeAnnotator-thread-1] c.w.n.u.e.r.MultiDictionaryProvider      : Directory 'C:\Users\wiskow.sj\workfusion-workspace\assignment\output\training\output\model\product\dictionaries' does not exist.
2019-08-23 08:03:13.326  INFO   --- [PerPageIeCompositeAnnotator-thread-0] c.w.n.u.e.r.MultiDictionaryProvider      : Directory 'C:\Users\wiskow.sj\workfusion-workspace\assignment\output\training\output\model\product\dictionaries' does not exist.
2019-08-23 08:03:14.070  INFO   --- [PerPageIeCompositeAnnotator-thread-2] c.w.n.u.e.r.MultiDictionaryProvider      : Directory 'C:\Users\wiskow.sj\workfusion-workspace\assignment\output\training\output\model\quantity\dictionaries' does not exist.
2019-08-23 08:03:14.202  INFO   --- [PerPageIeCompositeAnnotator-thread-1] c.w.n.u.e.r.MultiDictionaryProvider      : Directory 'C:\Users\wiskow.sj\workfusion-workspace\assignment\output\training\output\model\product\dictionaries' does not exist.
2019-08-23 08:03:14.283  INFO   --- [PerPageIeCompositeAnnotator-thread-0] c.w.n.u.e.r.MultiDictionaryProvider      : Directory 'C:\Users\wiskow.sj\workfusion-workspace\assignment\output\training\output\model\quantity\dictionaries' does not exist.
2019-08-23 08:03:14.491  INFO   --- [PerPageIeCompositeAnnotator-thread-1] c.w.n.u.e.r.MultiDictionaryProvider      : Directory 'C:\Users\wiskow.sj\workfusion-workspace\assignment\output\training\output\model\email\dictionaries' does not exist.
2019-08-23 08:03:14.695  INFO   --- [PerPageIeCompositeAnnotator-thread-2] c.w.n.u.e.r.MultiDictionaryProvider      : Directory 'C:\Users\wiskow.sj\workfusion-workspace\assignment\output\training\output\model\product\dictionaries' does not exist.
2019-08-23 08:03:14.750  INFO   --- [PerPageIeCompositeAnnotator-thread-2] c.w.n.u.e.r.MultiDictionaryProvider      : Directory 'C:\Users\wiskow.sj\workfusion-workspace\assignment\output\training\output\model\quantity\dictionaries' does not exist.
2019-08-23 08:03:14.783  INFO   --- [PerPageIeCompositeAnnotator-thread-0] c.w.n.u.e.r.MultiDictionaryProvider      : Directory 'C:\Users\wiskow.sj\workfusion-workspace\assignment\output\training\output\model\product\dictionaries' does not exist.
2019-08-23 08:03:15.201  INFO   --- [PerPageIeCompositeAnnotator-thread-0] c.w.n.u.e.r.MultiDictionaryProvider      : Directory 'C:\Users\wiskow.sj\workfusion-workspace\assignment\output\training\output\model\price\dictionaries' does not exist.
2019-08-23 08:03:15.262  INFO   --- [PerPageIeCompositeAnnotator-thread-0] c.w.n.u.e.r.MultiDictionaryProvider      : Directory 'C:\Users\wiskow.sj\workfusion-workspace\assignment\output\training\output\model\quantity\dictionaries' does not exist.
2019-08-23 08:03:15.504  INFO   --- [PerPageIeCompositeAnnotator-thread-2] c.w.n.u.e.r.MultiDictionaryProvider      : Directory 'C:\Users\wiskow.sj\workfusion-workspace\assignment\output\training\output\model\product\dictionaries' does not exist.
2019-08-23 08:03:15.557  INFO   --- [PerPageIeCompositeAnnotator-thread-1] c.w.n.u.e.r.MultiDictionaryProvider      : Directory 'C:\Users\wiskow.sj\workfusion-workspace\assignment\output\training\output\model\price\dictionaries' does not exist.
2019-08-23 08:03:15.690  INFO   --- [PerPageIeCompositeAnnotator-thread-1] c.w.n.u.e.r.MultiDictionaryProvider      : Directory 'C:\Users\wiskow.sj\workfusion-workspace\assignment\output\training\output\model\price\dictionaries' does not exist.
2019-08-23 08:03:15.947  INFO   --- [PerPageIeCompositeAnnotator-thread-1] c.w.n.u.e.r.MultiDictionaryProvider      : Directory 'C:\Users\wiskow.sj\workfusion-workspace\assignment\output\training\output\model\quantity\dictionaries' does not exist.
2019-08-23 08:03:16.406  INFO   --- [PerPageIeCompositeAnnotator-thread-0] c.w.n.u.e.r.MultiDictionaryProvider      : Directory 'C:\Users\wiskow.sj\workfusion-workspace\assignment\output\training\output\model\quantity\dictionaries' does not exist.
2019-08-23 08:03:16.583  INFO   --- [PerPageIeCompositeAnnotator-thread-2] c.w.n.u.e.r.MultiDictionaryProvider      : Directory 'C:\Users\wiskow.sj\workfusion-workspace\assignment\output\training\output\model\price\dictionaries' does not exist.
2019-08-23 08:03:16.710  INFO   --- [PerPageIeCompositeAnnotator-thread-0] c.w.n.u.e.r.MultiDictionaryProvider      : Directory 'C:\Users\wiskow.sj\workfusion-workspace\assignment\output\training\output\model\price\dictionaries' does not exist.
2019-08-23 08:03:16.811  INFO   --- [PerPageIeCompositeAnnotator-thread-0] c.w.n.u.e.r.MultiDictionaryProvider      : Directory 'C:\Users\wiskow.sj\workfusion-workspace\assignment\output\training\output\model\price\dictionaries' does not exist.
2019-08-23 08:03:16.913  INFO   --- [PerPageIeCompositeAnnotator-thread-1] c.w.n.u.e.r.MultiDictionaryProvider      : Directory 'C:\Users\wiskow.sj\workfusion-workspace\assignment\output\training\output\model\quantity\dictionaries' does not exist.
2019-08-23 08:03:17.144  INFO   --- [PerPageIeCompositeAnnotator-thread-1] c.w.n.u.e.r.MultiDictionaryProvider      : Directory 'C:\Users\wiskow.sj\workfusion-workspace\assignment\output\training\output\model\price\dictionaries' does not exist.
2019-08-23 08:03:17.522  INFO   --- [[Procesing Pipeline#3 Thread]::] com.workfusion.vds.mesos.CpePipeline     : Complete processing file file:///C:/Users/wiskow.sj/workfusion-workspace/assignment/validation/389842_advanced_1526302224_1.html
2019-08-23 08:03:17.872  INFO   --- [[Procesing Pipeline#4 Thread]::] com.workfusion.vds.mesos.CpePipeline     : Complete processing file file:///C:/Users/wiskow.sj/workfusion-workspace/assignment/validation/doc00145620180117152142.html
2019-08-23 08:03:17.920  INFO   --- [[Procesing Pipeline#5 Thread]::] com.workfusion.vds.mesos.CpePipeline     : Complete processing file file:///C:/Users/wiskow.sj/workfusion-workspace/assignment/validation/389842_advanced_1526302224_2.html
2019-08-23 08:03:18.581  INFO   --- [[Procesing Pipeline#2 Thread]::] com.workfusion.vds.mesos.CpePipeline     : Complete processing file file:///C:/Users/wiskow.sj/workfusion-workspace/assignment/validation/389057_1526301926_1.html
2019-08-23 08:03:18.842  INFO   --- [[Procesing Pipeline#6 Thread]::] com.workfusion.vds.mesos.CpePipeline     : Complete processing file file:///C:/Users/wiskow.sj/workfusion-workspace/assignment/validation/389057_1526301926_2.html
2019-08-23 08:03:18.873  INFO   --- [[Procesing Pipeline#1 Thread]::] com.workfusion.vds.mesos.CpePipeline     : Complete processing file file:///C:/Users/wiskow.sj/workfusion-workspace/assignment/validation/0025c002-4ec2-4c6a-ac40-b1cb4d14cb18_1526302796_2.html
2019-08-23 08:03:18.968  INFO   --- [[Procesing Pipeline#7 Thread]::] com.workfusion.vds.mesos.CpePipeline     : Complete processing file file:///C:/Users/wiskow.sj/workfusion-workspace/assignment/validation/0025c002-4ec2-4c6a-ac40-b1cb4d14cb18_1526302796_3.html
