2019-08-22 10:10:05.794  INFO   --- [main] c.w.v.n.m.c.ConfigurationInstance        : Named entity basePostProcessors was overridden in configuration class com.workfusion.vds.nlp.hypermodel.ie.generic.config.GenericIeHypermodelConfiguration.
2019-08-22 10:10:05.861  INFO   --- [main] c.w.v.n.m.c.ConfigurationInstance        : Named entity hpoConfiguration was overridden in configuration class com.workfusion.vds.nlp.hypermodel.GenericHpoConfiguration.
2019-08-22 10:10:05.896  INFO   --- [main] c.w.v.n.m.c.ConfigurationInstance        : Named entity basePostProcessors was overridden in configuration class com.workfusion.vds.nlp.hypermodel.ie.generic.config.GenericIeHypermodelConfiguration.
2019-08-22 10:10:05.902  INFO   --- [main] c.w.v.n.m.c.ConfigurationInstance        : Named entity hpoConfiguration was overridden in configuration class com.workfusion.vds.nlp.hypermodel.GenericHpoConfiguration.
2019-08-22 10:10:05.968  WARN   --- [main] c.w.v.n.m.c.ConfigurationBuilder         : Feature extractors are not provided
2019-08-22 10:10:05.969  WARN   --- [main] c.w.v.n.m.c.ConfigurationBuilder         : Annotators are not provided
2019-08-22 10:10:17.253  INFO   --- [PerPageIeCompositeAnnotator-thread-0] c.w.n.u.e.r.MultiDictionaryProvider      : Directory 'C:\Users\wiskow.sj\workfusion-workspace\assignment\output\training\output\model\supplier_name\dictionaries' does not exist.
2019-08-22 10:10:17.253  INFO   --- [PerPageIeCompositeAnnotator-thread-0] c.w.n.u.e.r.MultiDictionaryProvider      : Directory 'C:\Users\wiskow.sj\workfusion-workspace\assignment\output\training\output\model\supplier_name\dictionaries' does not exist.
2019-08-22 10:10:17.255  INFO   --- [PerPageIeCompositeAnnotator-thread-0] c.w.n.u.e.r.MultiDictionaryProvider      : Directory 'C:\Users\wiskow.sj\workfusion-workspace\assignment\output\training\output\model\supplier_name\dictionaries' does not exist.
2019-08-22 10:10:17.253  INFO   --- [PerPageIeCompositeAnnotator-thread-1] c.w.n.u.e.r.MultiDictionaryProvider      : Directory 'C:\Users\wiskow.sj\workfusion-workspace\assignment\output\training\output\model\invoice_number\dictionaries' does not exist.
2019-08-22 10:10:17.254  INFO   --- [PerPageIeCompositeAnnotator-thread-1] c.w.n.u.e.r.MultiDictionaryProvider      : Directory 'C:\Users\wiskow.sj\workfusion-workspace\assignment\output\training\output\model\invoice_number\dictionaries' does not exist.
2019-08-22 10:10:17.256  INFO   --- [PerPageIeCompositeAnnotator-thread-1] c.w.n.u.e.r.MultiDictionaryProvider      : Directory 'C:\Users\wiskow.sj\workfusion-workspace\assignment\output\training\output\model\invoice_number\dictionaries' does not exist.
2019-08-22 10:10:17.256  INFO   --- [PerPageIeCompositeAnnotator-thread-0] c.w.n.u.e.r.MultiDictionaryProvider      : Directory 'C:\Users\wiskow.sj\workfusion-workspace\assignment\output\training\output\model\supplier_name\dictionaries' does not exist.
2019-08-22 10:10:17.257  INFO   --- [PerPageIeCompositeAnnotator-thread-0] c.w.n.u.e.r.MultiDictionaryProvider      : Directory 'C:\Users\wiskow.sj\workfusion-workspace\assignment\output\training\output\model\supplier_name\dictionaries' does not exist.
2019-08-22 10:10:17.256  INFO   --- [PerPageIeCompositeAnnotator-thread-1] c.w.n.u.e.r.MultiDictionaryProvider      : Directory 'C:\Users\wiskow.sj\workfusion-workspace\assignment\output\training\output\model\invoice_number\dictionaries' does not exist.
2019-08-22 10:10:17.257  INFO   --- [PerPageIeCompositeAnnotator-thread-1] c.w.n.u.e.r.MultiDictionaryProvider      : Directory 'C:\Users\wiskow.sj\workfusion-workspace\assignment\output\training\output\model\invoice_number\dictionaries' does not exist.
2019-08-22 10:10:17.256  INFO   --- [PerPageIeCompositeAnnotator-thread-1] c.w.n.u.e.r.MultiDictionaryProvider      : Directory 'C:\Users\wiskow.sj\workfusion-workspace\assignment\output\training\output\model\invoice_number\dictionaries' does not exist.
2019-08-22 10:10:17.257  INFO   --- [PerPageIeCompositeAnnotator-thread-0] c.w.n.u.e.r.MultiDictionaryProvider      : Directory 'C:\Users\wiskow.sj\workfusion-workspace\assignment\output\training\output\model\supplier_name\dictionaries' does not exist.
2019-08-22 10:10:17.305  INFO   --- [PerPageIeCompositeAnnotator-thread-2] c.w.n.u.e.r.MultiDictionaryProvider      : Directory 'C:\Users\wiskow.sj\workfusion-workspace\assignment\output\training\output\model\invoice_date\dictionaries' does not exist.
2019-08-22 10:10:17.307  INFO   --- [PerPageIeCompositeAnnotator-thread-2] c.w.n.u.e.r.MultiDictionaryProvider      : Directory 'C:\Users\wiskow.sj\workfusion-workspace\assignment\output\training\output\model\invoice_date\dictionaries' does not exist.
2019-08-22 10:10:17.312  INFO   --- [PerPageIeCompositeAnnotator-thread-2] c.w.n.u.e.r.MultiDictionaryProvider      : Directory 'C:\Users\wiskow.sj\workfusion-workspace\assignment\output\training\output\model\invoice_date\dictionaries' does not exist.
2019-08-22 10:10:17.312  INFO   --- [PerPageIeCompositeAnnotator-thread-2] c.w.n.u.e.r.MultiDictionaryProvider      : Directory 'C:\Users\wiskow.sj\workfusion-workspace\assignment\output\training\output\model\invoice_date\dictionaries' does not exist.
2019-08-22 10:10:17.319  INFO   --- [PerPageIeCompositeAnnotator-thread-2] c.w.n.u.e.r.MultiDictionaryProvider      : Directory 'C:\Users\wiskow.sj\workfusion-workspace\assignment\output\training\output\model\invoice_date\dictionaries' does not exist.
2019-08-22 10:10:17.323  INFO   --- [PerPageIeCompositeAnnotator-thread-2] c.w.n.u.e.r.MultiDictionaryProvider      : Directory 'C:\Users\wiskow.sj\workfusion-workspace\assignment\output\training\output\model\invoice_date\dictionaries' does not exist.
2019-08-22 10:10:19.642  INFO   --- [[Procesing Pipeline#4 Thread]::] com.workfusion.vds.mesos.CpePipeline     : Complete processing file file:///C:/Users/wiskow.sj/workfusion-workspace/assignment/validation/b_424261_1526302379_1.html
2019-08-22 10:10:21.381  INFO   --- [[Procesing Pipeline#4 Thread]::] com.workfusion.vds.mesos.CpePipeline     : Complete processing file file:///C:/Users/wiskow.sj/workfusion-workspace/assignment/validation/c_427915_1526302430_0.html
2019-08-22 10:10:22.385  INFO   --- [PerPageIeCompositeAnnotator-thread-0] c.w.n.u.e.r.MultiDictionaryProvider      : Directory 'C:\Users\wiskow.sj\workfusion-workspace\assignment\output\training\output\model\supplier_name\dictionaries' does not exist.
2019-08-22 10:10:22.428  INFO   --- [PerPageIeCompositeAnnotator-thread-2] c.w.n.u.e.r.MultiDictionaryProvider      : Directory 'C:\Users\wiskow.sj\workfusion-workspace\assignment\output\training\output\model\invoice_date\dictionaries' does not exist.
2019-08-22 10:10:22.497  INFO   --- [PerPageIeCompositeAnnotator-thread-1] c.w.n.u.e.r.MultiDictionaryProvider      : Directory 'C:\Users\wiskow.sj\workfusion-workspace\assignment\output\training\output\model\invoice_number\dictionaries' does not exist.
2019-08-22 10:10:27.079  INFO   --- [PerPageIeCompositeAnnotator-thread-1] c.w.n.u.e.r.MultiDictionaryProvider      : Directory 'C:\Users\wiskow.sj\workfusion-workspace\assignment\output\training\output\model\total_amount\dictionaries' does not exist.
2019-08-22 10:10:27.350  INFO   --- [PerPageIeCompositeAnnotator-thread-2] c.w.n.u.e.r.MultiDictionaryProvider      : Directory 'C:\Users\wiskow.sj\workfusion-workspace\assignment\output\training\output\model\total_amount\dictionaries' does not exist.
2019-08-22 10:10:27.631  INFO   --- [PerPageIeCompositeAnnotator-thread-1] c.w.n.u.e.r.MultiDictionaryProvider      : Directory 'C:\Users\wiskow.sj\workfusion-workspace\assignment\output\training\output\model\total_amount\dictionaries' does not exist.
2019-08-22 10:10:27.981  INFO   --- [PerPageIeCompositeAnnotator-thread-1] c.w.n.u.e.r.MultiDictionaryProvider      : Directory 'C:\Users\wiskow.sj\workfusion-workspace\assignment\output\training\output\model\total_amount\dictionaries' does not exist.
2019-08-22 10:10:27.957  INFO   --- [PerPageIeCompositeAnnotator-thread-0] c.w.n.u.e.r.MultiDictionaryProvider      : Directory 'C:\Users\wiskow.sj\workfusion-workspace\assignment\output\training\output\model\product\dictionaries' does not exist.
2019-08-22 10:10:27.650  INFO   --- [PerPageIeCompositeAnnotator-thread-1] c.w.n.u.e.r.MultiDictionaryProvider      : Directory 'C:\Users\wiskow.sj\workfusion-workspace\assignment\output\training\output\model\total_amount\dictionaries' does not exist.
2019-08-22 10:10:27.858  INFO   --- [PerPageIeCompositeAnnotator-thread-1] c.w.n.u.e.r.MultiDictionaryProvider      : Directory 'C:\Users\wiskow.sj\workfusion-workspace\assignment\output\training\output\model\email\dictionaries' does not exist.
2019-08-22 10:10:28.913  INFO   --- [PerPageIeCompositeAnnotator-thread-2] c.w.n.u.e.r.MultiDictionaryProvider      : Directory 'C:\Users\wiskow.sj\workfusion-workspace\assignment\output\training\output\model\email\dictionaries' does not exist.
2019-08-22 10:10:29.109  INFO   --- [PerPageIeCompositeAnnotator-thread-1] c.w.n.u.e.r.MultiDictionaryProvider      : Directory 'C:\Users\wiskow.sj\workfusion-workspace\assignment\output\training\output\model\total_amount\dictionaries' does not exist.
2019-08-22 10:10:29.115  INFO   --- [PerPageIeCompositeAnnotator-thread-1] c.w.n.u.e.r.MultiDictionaryProvider      : Directory 'C:\Users\wiskow.sj\workfusion-workspace\assignment\output\training\output\model\total_amount\dictionaries' does not exist.
2019-08-22 10:10:29.291  INFO   --- [PerPageIeCompositeAnnotator-thread-2] c.w.n.u.e.r.MultiDictionaryProvider      : Directory 'C:\Users\wiskow.sj\workfusion-workspace\assignment\output\training\output\model\email\dictionaries' does not exist.
2019-08-22 10:10:29.633  INFO   --- [PerPageIeCompositeAnnotator-thread-0] c.w.n.u.e.r.MultiDictionaryProvider      : Directory 'C:\Users\wiskow.sj\workfusion-workspace\assignment\output\training\output\model\product\dictionaries' does not exist.
2019-08-22 10:10:29.699  INFO   --- [PerPageIeCompositeAnnotator-thread-2] c.w.n.u.e.r.MultiDictionaryProvider      : Directory 'C:\Users\wiskow.sj\workfusion-workspace\assignment\output\training\output\model\email\dictionaries' does not exist.
2019-08-22 10:10:29.786  INFO   --- [PerPageIeCompositeAnnotator-thread-2] c.w.n.u.e.r.MultiDictionaryProvider      : Directory 'C:\Users\wiskow.sj\workfusion-workspace\assignment\output\training\output\model\email\dictionaries' does not exist.
2019-08-22 10:10:30.196  INFO   --- [PerPageIeCompositeAnnotator-thread-0] c.w.n.u.e.r.MultiDictionaryProvider      : Directory 'C:\Users\wiskow.sj\workfusion-workspace\assignment\output\training\output\model\product\dictionaries' does not exist.
2019-08-22 10:10:30.223  INFO   --- [PerPageIeCompositeAnnotator-thread-0] c.w.n.u.e.r.MultiDictionaryProvider      : Directory 'C:\Users\wiskow.sj\workfusion-workspace\assignment\output\training\output\model\product\dictionaries' does not exist.
2019-08-22 10:10:30.293  INFO   --- [PerPageIeCompositeAnnotator-thread-0] c.w.n.u.e.r.MultiDictionaryProvider      : Directory 'C:\Users\wiskow.sj\workfusion-workspace\assignment\output\training\output\model\email\dictionaries' does not exist.
2019-08-22 10:10:30.520  INFO   --- [PerPageIeCompositeAnnotator-thread-2] c.w.n.u.e.r.MultiDictionaryProvider      : Directory 'C:\Users\wiskow.sj\workfusion-workspace\assignment\output\training\output\model\product\dictionaries' does not exist.
2019-08-22 10:10:30.668  INFO   --- [PerPageIeCompositeAnnotator-thread-2] c.w.n.u.e.r.MultiDictionaryProvider      : Directory 'C:\Users\wiskow.sj\workfusion-workspace\assignment\output\training\output\model\email\dictionaries' does not exist.
2019-08-22 10:10:30.883  INFO   --- [PerPageIeCompositeAnnotator-thread-1] c.w.n.u.e.r.MultiDictionaryProvider      : Directory 'C:\Users\wiskow.sj\workfusion-workspace\assignment\output\training\output\model\quantity\dictionaries' does not exist.
2019-08-22 10:10:31.076  INFO   --- [PerPageIeCompositeAnnotator-thread-0] c.w.n.u.e.r.MultiDictionaryProvider      : Directory 'C:\Users\wiskow.sj\workfusion-workspace\assignment\output\training\output\model\price\dictionaries' does not exist.
2019-08-22 10:10:31.781  INFO   --- [PerPageIeCompositeAnnotator-thread-0] c.w.n.u.e.r.MultiDictionaryProvider      : Directory 'C:\Users\wiskow.sj\workfusion-workspace\assignment\output\training\output\model\product\dictionaries' does not exist.
2019-08-22 10:10:31.797  INFO   --- [PerPageIeCompositeAnnotator-thread-0] c.w.n.u.e.r.MultiDictionaryProvider      : Directory 'C:\Users\wiskow.sj\workfusion-workspace\assignment\output\training\output\model\product\dictionaries' does not exist.
2019-08-22 10:10:32.203  INFO   --- [PerPageIeCompositeAnnotator-thread-2] c.w.n.u.e.r.MultiDictionaryProvider      : Directory 'C:\Users\wiskow.sj\workfusion-workspace\assignment\output\training\output\model\quantity\dictionaries' does not exist.
2019-08-22 10:10:32.851  INFO   --- [PerPageIeCompositeAnnotator-thread-2] c.w.n.u.e.r.MultiDictionaryProvider      : Directory 'C:\Users\wiskow.sj\workfusion-workspace\assignment\output\training\output\model\quantity\dictionaries' does not exist.
2019-08-22 10:10:32.946  INFO   --- [PerPageIeCompositeAnnotator-thread-2] c.w.n.u.e.r.MultiDictionaryProvider      : Directory 'C:\Users\wiskow.sj\workfusion-workspace\assignment\output\training\output\model\quantity\dictionaries' does not exist.
2019-08-22 10:10:33.194  INFO   --- [PerPageIeCompositeAnnotator-thread-0] c.w.n.u.e.r.MultiDictionaryProvider      : Directory 'C:\Users\wiskow.sj\workfusion-workspace\assignment\output\training\output\model\price\dictionaries' does not exist.
2019-08-22 10:10:33.422  INFO   --- [PerPageIeCompositeAnnotator-thread-1] c.w.n.u.e.r.MultiDictionaryProvider      : Directory 'C:\Users\wiskow.sj\workfusion-workspace\assignment\output\training\output\model\price\dictionaries' does not exist.
2019-08-22 10:10:33.380  INFO   --- [PerPageIeCompositeAnnotator-thread-2] c.w.n.u.e.r.MultiDictionaryProvider      : Directory 'C:\Users\wiskow.sj\workfusion-workspace\assignment\output\training\output\model\quantity\dictionaries' does not exist.
2019-08-22 10:10:33.727  INFO   --- [PerPageIeCompositeAnnotator-thread-1] c.w.n.u.e.r.MultiDictionaryProvider      : Directory 'C:\Users\wiskow.sj\workfusion-workspace\assignment\output\training\output\model\quantity\dictionaries' does not exist.
2019-08-22 10:10:34.314  INFO   --- [PerPageIeCompositeAnnotator-thread-1] c.w.n.u.e.r.MultiDictionaryProvider      : Directory 'C:\Users\wiskow.sj\workfusion-workspace\assignment\output\training\output\model\quantity\dictionaries' does not exist.
2019-08-22 10:10:34.342  INFO   --- [PerPageIeCompositeAnnotator-thread-0] c.w.n.u.e.r.MultiDictionaryProvider      : Directory 'C:\Users\wiskow.sj\workfusion-workspace\assignment\output\training\output\model\price\dictionaries' does not exist.
2019-08-22 10:10:34.367  INFO   --- [[Procesing Pipeline#4 Thread]::] com.workfusion.vds.mesos.CpePipeline     : Complete processing file file:///C:/Users/wiskow.sj/workfusion-workspace/assignment/validation/doc00123920180117122119.html
2019-08-22 10:10:34.926  INFO   --- [PerPageIeCompositeAnnotator-thread-0] c.w.n.u.e.r.MultiDictionaryProvider      : Directory 'C:\Users\wiskow.sj\workfusion-workspace\assignment\output\training\output\model\price\dictionaries' does not exist.
2019-08-22 10:10:35.171  INFO   --- [PerPageIeCompositeAnnotator-thread-0] c.w.n.u.e.r.MultiDictionaryProvider      : Directory 'C:\Users\wiskow.sj\workfusion-workspace\assignment\output\training\output\model\price\dictionaries' does not exist.
2019-08-22 10:10:36.025  INFO   --- [PerPageIeCompositeAnnotator-thread-0] c.w.n.u.e.r.MultiDictionaryProvider      : Directory 'C:\Users\wiskow.sj\workfusion-workspace\assignment\output\training\output\model\price\dictionaries' does not exist.
2019-08-22 10:10:37.419  INFO   --- [[Procesing Pipeline#5 Thread]::] com.workfusion.vds.mesos.CpePipeline     : Complete processing file file:///C:/Users/wiskow.sj/workfusion-workspace/assignment/validation/389842_advanced_1526302224_2.html
2019-08-22 10:10:38.071  INFO   --- [[Procesing Pipeline#3 Thread]::] com.workfusion.vds.mesos.CpePipeline     : Complete processing file file:///C:/Users/wiskow.sj/workfusion-workspace/assignment/validation/389842_advanced_1526302224_1.html
2019-08-22 10:10:39.709  INFO   --- [[Procesing Pipeline#1 Thread]::] com.workfusion.vds.mesos.CpePipeline     : Complete processing file file:///C:/Users/wiskow.sj/workfusion-workspace/assignment/validation/389057_1526301926_1.html
2019-08-22 10:10:39.937  INFO   --- [[Procesing Pipeline#6 Thread]::] com.workfusion.vds.mesos.CpePipeline     : Complete processing file file:///C:/Users/wiskow.sj/workfusion-workspace/assignment/validation/389057_1526301926_2.html
2019-08-22 10:10:39.994  INFO   --- [[Procesing Pipeline#4 Thread]::] com.workfusion.vds.mesos.CpePipeline     : Complete processing file file:///C:/Users/wiskow.sj/workfusion-workspace/assignment/validation/doc00125020180117122554.html
2019-08-22 10:10:40.130  INFO   --- [[Procesing Pipeline#2 Thread]::] com.workfusion.vds.mesos.CpePipeline     : Complete processing file file:///C:/Users/wiskow.sj/workfusion-workspace/assignment/validation/0025c002-4ec2-4c6a-ac40-b1cb4d14cb18_1526302796_2.html
2019-08-22 10:10:40.210  INFO   --- [[Procesing Pipeline#7 Thread]::] com.workfusion.vds.mesos.CpePipeline     : Complete processing file file:///C:/Users/wiskow.sj/workfusion-workspace/assignment/validation/0025c002-4ec2-4c6a-ac40-b1cb4d14cb18_1526302796_3.html
