2019-08-09 14:10:19.227  INFO   --- [main] c.w.v.n.m.c.ConfigurationInstance        : Named entity basePostProcessors was overridden in configuration class com.workfusion.vds.nlp.hypermodel.ie.generic.config.GenericIeHypermodelConfiguration.
2019-08-09 14:10:19.261  INFO   --- [main] c.w.v.n.m.c.ConfigurationInstance        : Named entity hpoConfiguration was overridden in configuration class com.workfusion.vds.nlp.hypermodel.GenericHpoConfiguration.
2019-08-09 14:10:19.278  INFO   --- [main] c.w.v.n.m.c.ConfigurationInstance        : Named entity basePostProcessors was overridden in configuration class com.workfusion.vds.nlp.hypermodel.ie.generic.config.GenericIeHypermodelConfiguration.
2019-08-09 14:10:19.289  INFO   --- [main] c.w.v.n.m.c.ConfigurationInstance        : Named entity hpoConfiguration was overridden in configuration class com.workfusion.vds.nlp.hypermodel.GenericHpoConfiguration.
2019-08-09 14:10:19.315  WARN   --- [main] c.w.v.n.m.c.ConfigurationBuilder         : Feature extractors are not provided
2019-08-09 14:10:19.315  WARN   --- [main] c.w.v.n.m.c.ConfigurationBuilder         : Annotators are not provided
2019-08-09 14:10:23.447  INFO   --- [PerPageIeCompositeAnnotator-thread-1] c.w.n.u.e.r.MultiDictionaryProvider      : Directory 'C:\Users\wiskow.sj\workfusion-workspace\assignment\output\training\output\model\invoice_number\dictionaries' does not exist.
2019-08-09 14:10:23.449  INFO   --- [PerPageIeCompositeAnnotator-thread-1] c.w.n.u.e.r.MultiDictionaryProvider      : Directory 'C:\Users\wiskow.sj\workfusion-workspace\assignment\output\training\output\model\invoice_number\dictionaries' does not exist.
2019-08-09 14:10:23.447  INFO   --- [PerPageIeCompositeAnnotator-thread-1] c.w.n.u.e.r.MultiDictionaryProvider      : Directory 'C:\Users\wiskow.sj\workfusion-workspace\assignment\output\training\output\model\invoice_number\dictionaries' does not exist.
2019-08-09 14:10:23.465  INFO   --- [PerPageIeCompositeAnnotator-thread-1] c.w.n.u.e.r.MultiDictionaryProvider      : Directory 'C:\Users\wiskow.sj\workfusion-workspace\assignment\output\training\output\model\invoice_number\dictionaries' does not exist.
2019-08-09 14:10:23.489  INFO   --- [PerPageIeCompositeAnnotator-thread-1] c.w.n.u.e.r.MultiDictionaryProvider      : Directory 'C:\Users\wiskow.sj\workfusion-workspace\assignment\output\training\output\model\invoice_number\dictionaries' does not exist.
2019-08-09 14:10:23.490  INFO   --- [PerPageIeCompositeAnnotator-thread-1] c.w.n.u.e.r.MultiDictionaryProvider      : Directory 'C:\Users\wiskow.sj\workfusion-workspace\assignment\output\training\output\model\invoice_number\dictionaries' does not exist.
2019-08-09 14:10:23.502  INFO   --- [PerPageIeCompositeAnnotator-thread-1] c.w.n.u.e.r.MultiDictionaryProvider      : Directory 'C:\Users\wiskow.sj\workfusion-workspace\assignment\output\training\output\model\invoice_number\dictionaries' does not exist.
2019-08-09 14:10:23.518  INFO   --- [PerPageIeCompositeAnnotator-thread-2] c.w.n.u.e.r.MultiDictionaryProvider      : Directory 'C:\Users\wiskow.sj\workfusion-workspace\assignment\output\training\output\model\invoice_date\dictionaries' does not exist.
2019-08-09 14:10:23.519  INFO   --- [PerPageIeCompositeAnnotator-thread-2] c.w.n.u.e.r.MultiDictionaryProvider      : Directory 'C:\Users\wiskow.sj\workfusion-workspace\assignment\output\training\output\model\invoice_date\dictionaries' does not exist.
2019-08-09 14:10:23.526  INFO   --- [PerPageIeCompositeAnnotator-thread-2] c.w.n.u.e.r.MultiDictionaryProvider      : Directory 'C:\Users\wiskow.sj\workfusion-workspace\assignment\output\training\output\model\invoice_date\dictionaries' does not exist.
2019-08-09 14:10:23.530  INFO   --- [PerPageIeCompositeAnnotator-thread-2] c.w.n.u.e.r.MultiDictionaryProvider      : Directory 'C:\Users\wiskow.sj\workfusion-workspace\assignment\output\training\output\model\invoice_date\dictionaries' does not exist.
2019-08-09 14:10:23.536  INFO   --- [PerPageIeCompositeAnnotator-thread-2] c.w.n.u.e.r.MultiDictionaryProvider      : Directory 'C:\Users\wiskow.sj\workfusion-workspace\assignment\output\training\output\model\invoice_date\dictionaries' does not exist.
2019-08-09 14:10:23.551  INFO   --- [PerPageIeCompositeAnnotator-thread-2] c.w.n.u.e.r.MultiDictionaryProvider      : Directory 'C:\Users\wiskow.sj\workfusion-workspace\assignment\output\training\output\model\invoice_date\dictionaries' does not exist.
2019-08-09 14:10:23.552  INFO   --- [PerPageIeCompositeAnnotator-thread-2] c.w.n.u.e.r.MultiDictionaryProvider      : Directory 'C:\Users\wiskow.sj\workfusion-workspace\assignment\output\training\output\model\invoice_date\dictionaries' does not exist.
2019-08-09 14:10:23.577  INFO   --- [PerPageIeCompositeAnnotator-thread-0] c.w.n.u.e.r.MultiDictionaryProvider      : Directory 'C:\Users\wiskow.sj\workfusion-workspace\assignment\output\training\output\model\supplier_name\dictionaries' does not exist.
2019-08-09 14:10:23.579  INFO   --- [PerPageIeCompositeAnnotator-thread-0] c.w.n.u.e.r.MultiDictionaryProvider      : Directory 'C:\Users\wiskow.sj\workfusion-workspace\assignment\output\training\output\model\supplier_name\dictionaries' does not exist.
2019-08-09 14:10:23.577  INFO   --- [PerPageIeCompositeAnnotator-thread-0] c.w.n.u.e.r.MultiDictionaryProvider      : Directory 'C:\Users\wiskow.sj\workfusion-workspace\assignment\output\training\output\model\supplier_name\dictionaries' does not exist.
2019-08-09 14:10:23.580  INFO   --- [PerPageIeCompositeAnnotator-thread-0] c.w.n.u.e.r.MultiDictionaryProvider      : Directory 'C:\Users\wiskow.sj\workfusion-workspace\assignment\output\training\output\model\supplier_name\dictionaries' does not exist.
2019-08-09 14:10:23.589  INFO   --- [PerPageIeCompositeAnnotator-thread-0] c.w.n.u.e.r.MultiDictionaryProvider      : Directory 'C:\Users\wiskow.sj\workfusion-workspace\assignment\output\training\output\model\supplier_name\dictionaries' does not exist.
2019-08-09 14:10:23.593  INFO   --- [PerPageIeCompositeAnnotator-thread-0] c.w.n.u.e.r.MultiDictionaryProvider      : Directory 'C:\Users\wiskow.sj\workfusion-workspace\assignment\output\training\output\model\supplier_name\dictionaries' does not exist.
2019-08-09 14:10:23.594  INFO   --- [PerPageIeCompositeAnnotator-thread-0] c.w.n.u.e.r.MultiDictionaryProvider      : Directory 'C:\Users\wiskow.sj\workfusion-workspace\assignment\output\training\output\model\supplier_name\dictionaries' does not exist.
2019-08-09 14:10:26.922  INFO   --- [PerPageIeCompositeAnnotator-thread-0] c.w.n.u.e.r.MultiDictionaryProvider      : Directory 'C:\Users\wiskow.sj\workfusion-workspace\assignment\output\training\output\model\total_amount\dictionaries' does not exist.
2019-08-09 14:10:26.929  INFO   --- [PerPageIeCompositeAnnotator-thread-1] c.w.n.u.e.r.MultiDictionaryProvider      : Directory 'C:\Users\wiskow.sj\workfusion-workspace\assignment\output\training\output\model\total_amount\dictionaries' does not exist.
2019-08-09 14:10:26.948  INFO   --- [PerPageIeCompositeAnnotator-thread-0] c.w.n.u.e.r.MultiDictionaryProvider      : Directory 'C:\Users\wiskow.sj\workfusion-workspace\assignment\output\training\output\model\total_amount\dictionaries' does not exist.
2019-08-09 14:10:26.970  INFO   --- [PerPageIeCompositeAnnotator-thread-1] c.w.n.u.e.r.MultiDictionaryProvider      : Directory 'C:\Users\wiskow.sj\workfusion-workspace\assignment\output\training\output\model\total_amount\dictionaries' does not exist.
2019-08-09 14:10:26.987  INFO   --- [PerPageIeCompositeAnnotator-thread-2] c.w.n.u.e.r.MultiDictionaryProvider      : Directory 'C:\Users\wiskow.sj\workfusion-workspace\assignment\output\training\output\model\total_amount\dictionaries' does not exist.
2019-08-09 14:10:27.159  INFO   --- [PerPageIeCompositeAnnotator-thread-2] c.w.n.u.e.r.MultiDictionaryProvider      : Directory 'C:\Users\wiskow.sj\workfusion-workspace\assignment\output\training\output\model\email\dictionaries' does not exist.
2019-08-09 14:10:27.159  INFO   --- [PerPageIeCompositeAnnotator-thread-1] c.w.n.u.e.r.MultiDictionaryProvider      : Directory 'C:\Users\wiskow.sj\workfusion-workspace\assignment\output\training\output\model\email\dictionaries' does not exist.
2019-08-09 14:10:27.170  INFO   --- [PerPageIeCompositeAnnotator-thread-2] c.w.n.u.e.r.MultiDictionaryProvider      : Directory 'C:\Users\wiskow.sj\workfusion-workspace\assignment\output\training\output\model\email\dictionaries' does not exist.
2019-08-09 14:10:27.400  INFO   --- [PerPageIeCompositeAnnotator-thread-0] c.w.n.u.e.r.MultiDictionaryProvider      : Directory 'C:\Users\wiskow.sj\workfusion-workspace\assignment\output\training\output\model\email\dictionaries' does not exist.
2019-08-09 14:10:27.423  INFO   --- [PerPageIeCompositeAnnotator-thread-2] c.w.n.u.e.r.MultiDictionaryProvider      : Directory 'C:\Users\wiskow.sj\workfusion-workspace\assignment\output\training\output\model\total_amount\dictionaries' does not exist.
2019-08-09 14:10:27.711  INFO   --- [PerPageIeCompositeAnnotator-thread-2] c.w.n.u.e.r.MultiDictionaryProvider      : Directory 'C:\Users\wiskow.sj\workfusion-workspace\assignment\output\training\output\model\total_amount\dictionaries' does not exist.
2019-08-09 14:10:27.739  INFO   --- [PerPageIeCompositeAnnotator-thread-0] c.w.n.u.e.r.MultiDictionaryProvider      : Directory 'C:\Users\wiskow.sj\workfusion-workspace\assignment\output\training\output\model\email\dictionaries' does not exist.
2019-08-09 14:10:27.835  INFO   --- [PerPageIeCompositeAnnotator-thread-0] c.w.n.u.e.r.MultiDictionaryProvider      : Directory 'C:\Users\wiskow.sj\workfusion-workspace\assignment\output\training\output\model\product\dictionaries' does not exist.
2019-08-09 14:10:27.863  INFO   --- [PerPageIeCompositeAnnotator-thread-1] c.w.n.u.e.r.MultiDictionaryProvider      : Directory 'C:\Users\wiskow.sj\workfusion-workspace\assignment\output\training\output\model\email\dictionaries' does not exist.
2019-08-09 14:10:27.881  INFO   --- [PerPageIeCompositeAnnotator-thread-2] c.w.n.u.e.r.MultiDictionaryProvider      : Directory 'C:\Users\wiskow.sj\workfusion-workspace\assignment\output\training\output\model\product\dictionaries' does not exist.
2019-08-09 14:10:28.166  INFO   --- [PerPageIeCompositeAnnotator-thread-2] c.w.n.u.e.r.MultiDictionaryProvider      : Directory 'C:\Users\wiskow.sj\workfusion-workspace\assignment\output\training\output\model\product\dictionaries' does not exist.
2019-08-09 14:10:28.492  INFO   --- [PerPageIeCompositeAnnotator-thread-1] c.w.n.u.e.r.MultiDictionaryProvider      : Directory 'C:\Users\wiskow.sj\workfusion-workspace\assignment\output\training\output\model\product\dictionaries' does not exist.
2019-08-09 14:10:29.045  INFO   --- [PerPageIeCompositeAnnotator-thread-2] c.w.n.u.e.r.MultiDictionaryProvider      : Directory 'C:\Users\wiskow.sj\workfusion-workspace\assignment\output\training\output\model\price\dictionaries' does not exist.
2019-08-09 14:10:29.120  INFO   --- [PerPageIeCompositeAnnotator-thread-2] c.w.n.u.e.r.MultiDictionaryProvider      : Directory 'C:\Users\wiskow.sj\workfusion-workspace\assignment\output\training\output\model\email\dictionaries' does not exist.
2019-08-09 14:10:29.151  INFO   --- [PerPageIeCompositeAnnotator-thread-0] c.w.n.u.e.r.MultiDictionaryProvider      : Directory 'C:\Users\wiskow.sj\workfusion-workspace\assignment\output\training\output\model\price\dictionaries' does not exist.
2019-08-09 14:10:29.200  INFO   --- [PerPageIeCompositeAnnotator-thread-0] c.w.n.u.e.r.MultiDictionaryProvider      : Directory 'C:\Users\wiskow.sj\workfusion-workspace\assignment\output\training\output\model\price\dictionaries' does not exist.
2019-08-09 14:10:29.202  INFO   --- [PerPageIeCompositeAnnotator-thread-1] c.w.n.u.e.r.MultiDictionaryProvider      : Directory 'C:\Users\wiskow.sj\workfusion-workspace\assignment\output\training\output\model\product\dictionaries' does not exist.
2019-08-09 14:10:29.241  INFO   --- [PerPageIeCompositeAnnotator-thread-0] c.w.n.u.e.r.MultiDictionaryProvider      : Directory 'C:\Users\wiskow.sj\workfusion-workspace\assignment\output\training\output\model\product\dictionaries' does not exist.
2019-08-09 14:10:29.271  INFO   --- [PerPageIeCompositeAnnotator-thread-1] c.w.n.u.e.r.MultiDictionaryProvider      : Directory 'C:\Users\wiskow.sj\workfusion-workspace\assignment\output\training\output\model\quantity\dictionaries' does not exist.
2019-08-09 14:10:29.291  INFO   --- [PerPageIeCompositeAnnotator-thread-1] c.w.n.u.e.r.MultiDictionaryProvider      : Directory 'C:\Users\wiskow.sj\workfusion-workspace\assignment\output\training\output\model\quantity\dictionaries' does not exist.
2019-08-09 14:10:29.299  INFO   --- [PerPageIeCompositeAnnotator-thread-0] c.w.n.u.e.r.MultiDictionaryProvider      : Directory 'C:\Users\wiskow.sj\workfusion-workspace\assignment\output\training\output\model\quantity\dictionaries' does not exist.
2019-08-09 14:10:29.479  INFO   --- [PerPageIeCompositeAnnotator-thread-0] c.w.n.u.e.r.MultiDictionaryProvider      : Directory 'C:\Users\wiskow.sj\workfusion-workspace\assignment\output\training\output\model\quantity\dictionaries' does not exist.
2019-08-09 14:10:29.520  INFO   --- [PerPageIeCompositeAnnotator-thread-1] c.w.n.u.e.r.MultiDictionaryProvider      : Directory 'C:\Users\wiskow.sj\workfusion-workspace\assignment\output\training\output\model\product\dictionaries' does not exist.
2019-08-09 14:10:29.973  INFO   --- [PerPageIeCompositeAnnotator-thread-1] c.w.n.u.e.r.MultiDictionaryProvider      : Directory 'C:\Users\wiskow.sj\workfusion-workspace\assignment\output\training\output\model\price\dictionaries' does not exist.
2019-08-09 14:10:30.016  INFO   --- [PerPageIeCompositeAnnotator-thread-2] c.w.n.u.e.r.MultiDictionaryProvider      : Directory 'C:\Users\wiskow.sj\workfusion-workspace\assignment\output\training\output\model\quantity\dictionaries' does not exist.
2019-08-09 14:10:30.061  INFO   --- [PerPageIeCompositeAnnotator-thread-1] c.w.n.u.e.r.MultiDictionaryProvider      : Directory 'C:\Users\wiskow.sj\workfusion-workspace\assignment\output\training\output\model\quantity\dictionaries' does not exist.
2019-08-09 14:10:30.159  INFO   --- [PerPageIeCompositeAnnotator-thread-0] c.w.n.u.e.r.MultiDictionaryProvider      : Directory 'C:\Users\wiskow.sj\workfusion-workspace\assignment\output\training\output\model\quantity\dictionaries' does not exist.
2019-08-09 14:10:30.176  INFO   --- [PerPageIeCompositeAnnotator-thread-2] c.w.n.u.e.r.MultiDictionaryProvider      : Directory 'C:\Users\wiskow.sj\workfusion-workspace\assignment\output\training\output\model\price\dictionaries' does not exist.
2019-08-09 14:10:30.321  INFO   --- [PerPageIeCompositeAnnotator-thread-2] c.w.n.u.e.r.MultiDictionaryProvider      : Directory 'C:\Users\wiskow.sj\workfusion-workspace\assignment\output\training\output\model\price\dictionaries' does not exist.
2019-08-09 14:10:30.344  INFO   --- [PerPageIeCompositeAnnotator-thread-0] c.w.n.u.e.r.MultiDictionaryProvider      : Directory 'C:\Users\wiskow.sj\workfusion-workspace\assignment\output\training\output\model\price\dictionaries' does not exist.
2019-08-09 14:10:31.821  INFO   --- [[Procesing Pipeline#4 Thread]::] com.workfusion.vds.mesos.CpePipeline     : Complete processing file file:///C:/Users/wiskow.sj/workfusion-workspace/assignment/input/Type2/invoice118.html
2019-08-09 14:10:31.821  INFO   --- [[Procesing Pipeline#3 Thread]::] com.workfusion.vds.mesos.CpePipeline     : Complete processing file file:///C:/Users/wiskow.sj/workfusion-workspace/assignment/input/Type2/invoice108.html
2019-08-09 14:10:31.848  INFO   --- [[Procesing Pipeline#5 Thread]::] com.workfusion.vds.mesos.CpePipeline     : Complete processing file file:///C:/Users/wiskow.sj/workfusion-workspace/assignment/input/Type2/invoice122.html
2019-08-09 14:10:31.852  INFO   --- [[Procesing Pipeline#6 Thread]::] com.workfusion.vds.mesos.CpePipeline     : Complete processing file file:///C:/Users/wiskow.sj/workfusion-workspace/assignment/input/Type2/invoice113.html
2019-08-09 14:10:31.858  INFO   --- [[Procesing Pipeline#1 Thread]::] com.workfusion.vds.mesos.CpePipeline     : Complete processing file file:///C:/Users/wiskow.sj/workfusion-workspace/assignment/input/Type2/invoice116.html
2019-08-09 14:10:31.881  INFO   --- [[Procesing Pipeline#2 Thread]::] com.workfusion.vds.mesos.CpePipeline     : Complete processing file file:///C:/Users/wiskow.sj/workfusion-workspace/assignment/input/Type2/invoice0.html
2019-08-09 14:10:31.892  INFO   --- [[Procesing Pipeline#7 Thread]::] com.workfusion.vds.mesos.CpePipeline     : Complete processing file file:///C:/Users/wiskow.sj/workfusion-workspace/assignment/input/Type2/invoice106.html
2019-08-09 14:10:35.203  INFO   --- [[Procesing Pipeline#3 Thread]::] com.workfusion.vds.mesos.CpePipeline     : Complete processing file file:///C:/Users/wiskow.sj/workfusion-workspace/assignment/input/Type2/invoice126.html
2019-08-09 14:10:35.407  INFO   --- [[Procesing Pipeline#7 Thread]::] com.workfusion.vds.mesos.CpePipeline     : Complete processing file file:///C:/Users/wiskow.sj/workfusion-workspace/assignment/input/Type2/invoice14.html
2019-08-09 14:10:35.501  INFO   --- [[Procesing Pipeline#4 Thread]::] com.workfusion.vds.mesos.CpePipeline     : Complete processing file file:///C:/Users/wiskow.sj/workfusion-workspace/assignment/input/Type2/invoice124.html
2019-08-09 14:10:35.731  INFO   --- [[Procesing Pipeline#2 Thread]::] com.workfusion.vds.mesos.CpePipeline     : Complete processing file file:///C:/Users/wiskow.sj/workfusion-workspace/assignment/input/Type2/invoice138.html
2019-08-09 14:10:35.935  INFO   --- [[Procesing Pipeline#1 Thread]::] com.workfusion.vds.mesos.CpePipeline     : Complete processing file file:///C:/Users/wiskow.sj/workfusion-workspace/assignment/input/Type2/invoice135.html
2019-08-09 14:10:35.985  INFO   --- [[Procesing Pipeline#6 Thread]::] com.workfusion.vds.mesos.CpePipeline     : Complete processing file file:///C:/Users/wiskow.sj/workfusion-workspace/assignment/input/Type2/invoice129.html
2019-08-09 14:10:36.909  INFO   --- [[Procesing Pipeline#5 Thread]::] com.workfusion.vds.mesos.CpePipeline     : Complete processing file file:///C:/Users/wiskow.sj/workfusion-workspace/assignment/input/Type2/invoice128.html
2019-08-09 14:10:37.441  INFO   --- [[Procesing Pipeline#3 Thread]::] com.workfusion.vds.mesos.CpePipeline     : Complete processing file file:///C:/Users/wiskow.sj/workfusion-workspace/assignment/input/Type2/invoice141.html
2019-08-09 14:10:38.991  INFO   --- [[Procesing Pipeline#7 Thread]::] com.workfusion.vds.mesos.CpePipeline     : Complete processing file file:///C:/Users/wiskow.sj/workfusion-workspace/assignment/input/Type2/invoice144.html
2019-08-09 14:10:39.267  INFO   --- [[Procesing Pipeline#2 Thread]::] com.workfusion.vds.mesos.CpePipeline     : Complete processing file file:///C:/Users/wiskow.sj/workfusion-workspace/assignment/input/Type2/invoice151.html
2019-08-09 14:10:39.377  INFO   --- [[Procesing Pipeline#4 Thread]::] com.workfusion.vds.mesos.CpePipeline     : Complete processing file file:///C:/Users/wiskow.sj/workfusion-workspace/assignment/input/Type2/invoice149.html
2019-08-09 14:10:39.442  INFO   --- [[Procesing Pipeline#3 Thread]::] com.workfusion.vds.mesos.CpePipeline     : Complete processing file file:///C:/Users/wiskow.sj/workfusion-workspace/assignment/input/Type2/invoice160.html
2019-08-09 14:10:39.603  INFO   --- [[Procesing Pipeline#6 Thread]::] com.workfusion.vds.mesos.CpePipeline     : Complete processing file file:///C:/Users/wiskow.sj/workfusion-workspace/assignment/input/Type2/invoice155.html
2019-08-09 14:10:39.798  INFO   --- [[Procesing Pipeline#1 Thread]::] com.workfusion.vds.mesos.CpePipeline     : Complete processing file file:///C:/Users/wiskow.sj/workfusion-workspace/assignment/input/Type2/invoice159.html
2019-08-09 14:10:40.364  INFO   --- [[Procesing Pipeline#5 Thread]::] com.workfusion.vds.mesos.CpePipeline     : Complete processing file file:///C:/Users/wiskow.sj/workfusion-workspace/assignment/input/Type2/invoice16.html
2019-08-09 14:10:41.657  INFO   --- [[Procesing Pipeline#7 Thread]::] com.workfusion.vds.mesos.CpePipeline     : Complete processing file file:///C:/Users/wiskow.sj/workfusion-workspace/assignment/input/Type2/invoice173.html
2019-08-09 14:10:41.675  INFO   --- [[Procesing Pipeline#3 Thread]::] com.workfusion.vds.mesos.CpePipeline     : Complete processing file file:///C:/Users/wiskow.sj/workfusion-workspace/assignment/input/Type2/invoice185.html
2019-08-09 14:10:41.744  INFO   --- [[Procesing Pipeline#2 Thread]::] com.workfusion.vds.mesos.CpePipeline     : Complete processing file file:///C:/Users/wiskow.sj/workfusion-workspace/assignment/input/Type2/invoice174.html
2019-08-09 14:10:41.781  INFO   --- [[Procesing Pipeline#1 Thread]::] com.workfusion.vds.mesos.CpePipeline     : Complete processing file file:///C:/Users/wiskow.sj/workfusion-workspace/assignment/input/Type2/invoice20.html
2019-08-09 14:10:42.017  INFO   --- [[Procesing Pipeline#4 Thread]::] com.workfusion.vds.mesos.CpePipeline     : Complete processing file file:///C:/Users/wiskow.sj/workfusion-workspace/assignment/input/Type2/invoice176.html
2019-08-09 14:10:42.092  INFO   --- [[Procesing Pipeline#6 Thread]::] com.workfusion.vds.mesos.CpePipeline     : Complete processing file file:///C:/Users/wiskow.sj/workfusion-workspace/assignment/input/Type2/invoice192.html
2019-08-09 14:10:42.132  INFO   --- [[Procesing Pipeline#5 Thread]::] com.workfusion.vds.mesos.CpePipeline     : Complete processing file file:///C:/Users/wiskow.sj/workfusion-workspace/assignment/input/Type2/invoice201.html
2019-08-09 14:10:42.134  INFO   --- [BaseCPMImpl-Thread] com.workfusion.vds.mesos.CpePipeline     : Collection process complete
2019-08-09 14:10:42.393  INFO   --- [main] c.w.v.n.m.c.ConfigurationInstance        : Named entity basePostProcessors was overridden in configuration class com.workfusion.vds.nlp.hypermodel.ie.generic.config.GenericIeHypermodelConfiguration.
2019-08-09 14:10:42.395  INFO   --- [main] c.w.v.n.m.c.ConfigurationInstance        : Named entity hpoConfiguration was overridden in configuration class com.workfusion.vds.nlp.hypermodel.GenericHpoConfiguration.
2019-08-09 14:10:42.486  INFO   --- [main] c.w.v.n.m.c.ConfigurationInstance        : Named entity basePostProcessors was overridden in configuration class com.workfusion.vds.nlp.hypermodel.ie.generic.config.GenericIeHypermodelConfiguration.
2019-08-09 14:10:42.488  INFO   --- [main] c.w.v.n.m.c.ConfigurationInstance        : Named entity hpoConfiguration was overridden in configuration class com.workfusion.vds.nlp.hypermodel.GenericHpoConfiguration.
2019-08-09 14:10:42.489  INFO   --- [main] c.w.v.n.m.c.ConfigurationInstance        : Named entity basePostProcessors was overridden in configuration class com.workfusion.vds.nlp.hypermodel.ie.generic.config.GenericIeHypermodelConfiguration.
2019-08-09 14:10:42.491  INFO   --- [main] c.w.v.n.m.c.ConfigurationInstance        : Named entity hpoConfiguration was overridden in configuration class com.workfusion.vds.nlp.hypermodel.GenericHpoConfiguration.
2019-08-09 14:10:43.178  INFO   --- [main] c.w.v.n.m.c.ConfigurationInstance        : Named entity basePostProcessors was overridden in configuration class com.workfusion.vds.nlp.hypermodel.ie.generic.config.GenericIeHypermodelConfiguration.
2019-08-09 14:10:43.179  INFO   --- [main] c.w.v.n.m.c.ConfigurationInstance        : Named entity hpoConfiguration was overridden in configuration class com.workfusion.vds.nlp.hypermodel.GenericHpoConfiguration.
2019-08-09 14:10:43.180  INFO   --- [main] c.w.v.n.m.c.ConfigurationInstance        : Named entity basePostProcessors was overridden in configuration class com.workfusion.vds.nlp.hypermodel.ie.generic.config.GenericIeHypermodelConfiguration.
2019-08-09 14:10:43.181  INFO   --- [main] c.w.v.n.m.c.ConfigurationInstance        : Named entity hpoConfiguration was overridden in configuration class com.workfusion.vds.nlp.hypermodel.GenericHpoConfiguration.
2019-08-09 14:10:43.182  WARN   --- [main] c.w.v.n.m.c.ConfigurationBuilder         : Feature extractors are not provided
2019-08-09 14:10:43.182  WARN   --- [main] c.w.v.n.m.c.ConfigurationBuilder         : Annotators are not provided
2019-08-09 14:10:44.131  INFO   --- [main] c.w.v.n.m.c.ConfigurationInstance        : Named entity basePostProcessors was overridden in configuration class com.workfusion.vds.nlp.hypermodel.ie.generic.config.GenericIeHypermodelConfiguration.
2019-08-09 14:10:44.132  INFO   --- [main] c.w.v.n.m.c.ConfigurationInstance        : Named entity hpoConfiguration was overridden in configuration class com.workfusion.vds.nlp.hypermodel.GenericHpoConfiguration.
2019-08-09 14:10:44.133  INFO   --- [main] c.w.v.n.m.c.ConfigurationInstance        : Named entity basePostProcessors was overridden in configuration class com.workfusion.vds.nlp.hypermodel.ie.generic.config.GenericIeHypermodelConfiguration.
2019-08-09 14:10:44.133  INFO   --- [main] c.w.v.n.m.c.ConfigurationInstance        : Named entity hpoConfiguration was overridden in configuration class com.workfusion.vds.nlp.hypermodel.GenericHpoConfiguration.
2019-08-09 14:10:44.134  WARN   --- [main] c.w.v.n.m.c.ConfigurationBuilder         : Feature extractors are not provided
2019-08-09 14:10:44.134  WARN   --- [main] c.w.v.n.m.c.ConfigurationBuilder         : Annotators are not provided
2019-08-09 14:10:44.417  INFO   --- [main] c.w.v.nlp.hypermodel.runner.ModelRunner  : Model execution completed!
