2019-08-09 14:33:38.938  INFO   --- [main] c.w.v.n.m.c.ConfigurationInstance        : Named entity basePostProcessors was overridden in configuration class com.workfusion.vds.nlp.hypermodel.ie.generic.config.GenericIeHypermodelConfiguration.
2019-08-09 14:33:38.960  INFO   --- [main] c.w.v.n.m.c.ConfigurationInstance        : Named entity hpoConfiguration was overridden in configuration class com.workfusion.vds.nlp.hypermodel.GenericHpoConfiguration.
2019-08-09 14:33:38.974  INFO   --- [main] c.w.v.n.m.c.ConfigurationInstance        : Named entity basePostProcessors was overridden in configuration class com.workfusion.vds.nlp.hypermodel.ie.generic.config.GenericIeHypermodelConfiguration.
2019-08-09 14:33:38.976  INFO   --- [main] c.w.v.n.m.c.ConfigurationInstance        : Named entity hpoConfiguration was overridden in configuration class com.workfusion.vds.nlp.hypermodel.GenericHpoConfiguration.
2019-08-09 14:33:39.006  WARN   --- [main] c.w.v.n.m.c.ConfigurationBuilder         : Feature extractors are not provided
2019-08-09 14:33:39.007  WARN   --- [main] c.w.v.n.m.c.ConfigurationBuilder         : Annotators are not provided
2019-08-09 14:33:42.326  INFO   --- [[Procesing Pipeline#4 Thread]::] com.workfusion.vds.mesos.CpePipeline     : Complete processing file file:///C:/Users/wiskow.sj/workfusion-workspace/assignment/input/Type2/invoice122.html
2019-08-09 14:33:42.357  INFO   --- [[Procesing Pipeline#3 Thread]::] com.workfusion.vds.mesos.CpePipeline     : Complete processing file file:///C:/Users/wiskow.sj/workfusion-workspace/assignment/input/Type2/invoice116.html
2019-08-09 14:33:42.357  INFO   --- [[Procesing Pipeline#1 Thread]::] com.workfusion.vds.mesos.CpePipeline     : Complete processing file file:///C:/Users/wiskow.sj/workfusion-workspace/assignment/input/Type2/invoice0.html
2019-08-09 14:33:42.358  INFO   --- [[Procesing Pipeline#7 Thread]::] com.workfusion.vds.mesos.CpePipeline     : Complete processing file file:///C:/Users/wiskow.sj/workfusion-workspace/assignment/input/Type2/invoice106.html
2019-08-09 14:33:42.359  INFO   --- [[Procesing Pipeline#6 Thread]::] com.workfusion.vds.mesos.CpePipeline     : Complete processing file file:///C:/Users/wiskow.sj/workfusion-workspace/assignment/input/Type2/invoice113.html
2019-08-09 14:33:42.360  INFO   --- [[Procesing Pipeline#2 Thread]::] com.workfusion.vds.mesos.CpePipeline     : Complete processing file file:///C:/Users/wiskow.sj/workfusion-workspace/assignment/input/Type2/invoice108.html
2019-08-09 14:33:42.364  INFO   --- [[Procesing Pipeline#5 Thread]::] com.workfusion.vds.mesos.CpePipeline     : Complete processing file file:///C:/Users/wiskow.sj/workfusion-workspace/assignment/input/Type2/invoice118.html
2019-08-09 14:33:42.438  INFO   --- [[Procesing Pipeline#4 Thread]::] com.workfusion.vds.mesos.CpePipeline     : Complete processing file file:///C:/Users/wiskow.sj/workfusion-workspace/assignment/input/Type2/invoice124.html
2019-08-09 14:33:42.482  INFO   --- [[Procesing Pipeline#1 Thread]::] com.workfusion.vds.mesos.CpePipeline     : Complete processing file file:///C:/Users/wiskow.sj/workfusion-workspace/assignment/input/Type2/invoice128.html
2019-08-09 14:33:42.489  INFO   --- [[Procesing Pipeline#5 Thread]::] com.workfusion.vds.mesos.CpePipeline     : Complete processing file file:///C:/Users/wiskow.sj/workfusion-workspace/assignment/input/Type2/invoice138.html
2019-08-09 14:33:42.527  INFO   --- [[Procesing Pipeline#4 Thread]::] com.workfusion.vds.mesos.CpePipeline     : Complete processing file file:///C:/Users/wiskow.sj/workfusion-workspace/assignment/input/Type2/invoice141.html
2019-08-09 14:33:42.538  INFO   --- [[Procesing Pipeline#2 Thread]::] com.workfusion.vds.mesos.CpePipeline     : Complete processing file file:///C:/Users/wiskow.sj/workfusion-workspace/assignment/input/Type2/invoice129.html
2019-08-09 14:33:42.556  INFO   --- [[Procesing Pipeline#7 Thread]::] com.workfusion.vds.mesos.CpePipeline     : Complete processing file file:///C:/Users/wiskow.sj/workfusion-workspace/assignment/input/Type2/invoice14.html
2019-08-09 14:33:42.560  INFO   --- [[Procesing Pipeline#6 Thread]::] com.workfusion.vds.mesos.CpePipeline     : Complete processing file file:///C:/Users/wiskow.sj/workfusion-workspace/assignment/input/Type2/invoice126.html
2019-08-09 14:33:42.565  INFO   --- [[Procesing Pipeline#1 Thread]::] com.workfusion.vds.mesos.CpePipeline     : Complete processing file file:///C:/Users/wiskow.sj/workfusion-workspace/assignment/input/Type2/invoice144.html
2019-08-09 14:33:42.566  INFO   --- [[Procesing Pipeline#5 Thread]::] com.workfusion.vds.mesos.CpePipeline     : Complete processing file file:///C:/Users/wiskow.sj/workfusion-workspace/assignment/input/Type2/invoice149.html
2019-08-09 14:33:42.581  INFO   --- [[Procesing Pipeline#3 Thread]::] com.workfusion.vds.mesos.CpePipeline     : Complete processing file file:///C:/Users/wiskow.sj/workfusion-workspace/assignment/input/Type2/invoice135.html
2019-08-09 14:33:42.606  INFO   --- [[Procesing Pipeline#4 Thread]::] com.workfusion.vds.mesos.CpePipeline     : Complete processing file file:///C:/Users/wiskow.sj/workfusion-workspace/assignment/input/Type2/invoice151.html
2019-08-09 14:33:42.647  INFO   --- [[Procesing Pipeline#1 Thread]::] com.workfusion.vds.mesos.CpePipeline     : Complete processing file file:///C:/Users/wiskow.sj/workfusion-workspace/assignment/input/Type2/invoice173.html
2019-08-09 14:33:42.691  INFO   --- [[Procesing Pipeline#5 Thread]::] com.workfusion.vds.mesos.CpePipeline     : Complete processing file file:///C:/Users/wiskow.sj/workfusion-workspace/assignment/input/Type2/invoice160.html
2019-08-09 14:33:42.714  INFO   --- [[Procesing Pipeline#4 Thread]::] com.workfusion.vds.mesos.CpePipeline     : Complete processing file file:///C:/Users/wiskow.sj/workfusion-workspace/assignment/input/Type2/invoice176.html
2019-08-09 14:33:42.740  INFO   --- [[Procesing Pipeline#2 Thread]::] com.workfusion.vds.mesos.CpePipeline     : Complete processing file file:///C:/Users/wiskow.sj/workfusion-workspace/assignment/input/Type2/invoice155.html
2019-08-09 14:33:42.743  INFO   --- [[Procesing Pipeline#1 Thread]::] com.workfusion.vds.mesos.CpePipeline     : Complete processing file file:///C:/Users/wiskow.sj/workfusion-workspace/assignment/input/Type2/invoice185.html
2019-08-09 14:33:42.762  INFO   --- [[Procesing Pipeline#5 Thread]::] com.workfusion.vds.mesos.CpePipeline     : Complete processing file file:///C:/Users/wiskow.sj/workfusion-workspace/assignment/input/Type2/invoice192.html
2019-08-09 14:33:42.770  INFO   --- [[Procesing Pipeline#7 Thread]::] com.workfusion.vds.mesos.CpePipeline     : Complete processing file file:///C:/Users/wiskow.sj/workfusion-workspace/assignment/input/Type2/invoice159.html
2019-08-09 14:33:42.774  INFO   --- [[Procesing Pipeline#3 Thread]::] com.workfusion.vds.mesos.CpePipeline     : Complete processing file file:///C:/Users/wiskow.sj/workfusion-workspace/assignment/input/Type2/invoice174.html
2019-08-09 14:33:42.792  INFO   --- [[Procesing Pipeline#6 Thread]::] com.workfusion.vds.mesos.CpePipeline     : Complete processing file file:///C:/Users/wiskow.sj/workfusion-workspace/assignment/input/Type2/invoice16.html
2019-08-09 14:33:42.795  INFO   --- [[Procesing Pipeline#4 Thread]::] com.workfusion.vds.mesos.CpePipeline     : Complete processing file file:///C:/Users/wiskow.sj/workfusion-workspace/assignment/input/Type2/invoice20.html
2019-08-09 14:33:42.837  INFO   --- [[Procesing Pipeline#2 Thread]::] com.workfusion.vds.mesos.CpePipeline     : Complete processing file file:///C:/Users/wiskow.sj/workfusion-workspace/assignment/input/Type2/invoice201.html
2019-08-09 14:33:42.843  INFO   --- [BaseCPMImpl-Thread] com.workfusion.vds.mesos.CpePipeline     : Collection process complete
2019-08-09 14:33:43.411  INFO   --- [main] c.w.v.n.m.c.ConfigurationInstance        : Named entity basePostProcessors was overridden in configuration class com.workfusion.vds.nlp.hypermodel.ie.generic.config.GenericIeHypermodelConfiguration.
2019-08-09 14:33:43.414  INFO   --- [main] c.w.v.n.m.c.ConfigurationInstance        : Named entity hpoConfiguration was overridden in configuration class com.workfusion.vds.nlp.hypermodel.GenericHpoConfiguration.
2019-08-09 14:33:43.781  INFO   --- [main] c.w.v.n.m.c.ConfigurationInstance        : Named entity basePostProcessors was overridden in configuration class com.workfusion.vds.nlp.hypermodel.ie.generic.config.GenericIeHypermodelConfiguration.
2019-08-09 14:33:43.791  INFO   --- [main] c.w.v.n.m.c.ConfigurationInstance        : Named entity hpoConfiguration was overridden in configuration class com.workfusion.vds.nlp.hypermodel.GenericHpoConfiguration.
2019-08-09 14:33:43.808  INFO   --- [main] c.w.v.n.m.c.ConfigurationInstance        : Named entity basePostProcessors was overridden in configuration class com.workfusion.vds.nlp.hypermodel.ie.generic.config.GenericIeHypermodelConfiguration.
2019-08-09 14:33:43.815  INFO   --- [main] c.w.v.n.m.c.ConfigurationInstance        : Named entity hpoConfiguration was overridden in configuration class com.workfusion.vds.nlp.hypermodel.GenericHpoConfiguration.
2019-08-09 14:33:44.931  INFO   --- [main] c.w.v.n.m.c.ConfigurationInstance        : Named entity basePostProcessors was overridden in configuration class com.workfusion.vds.nlp.hypermodel.ie.generic.config.GenericIeHypermodelConfiguration.
2019-08-09 14:33:44.933  INFO   --- [main] c.w.v.n.m.c.ConfigurationInstance        : Named entity hpoConfiguration was overridden in configuration class com.workfusion.vds.nlp.hypermodel.GenericHpoConfiguration.
2019-08-09 14:33:44.935  INFO   --- [main] c.w.v.n.m.c.ConfigurationInstance        : Named entity basePostProcessors was overridden in configuration class com.workfusion.vds.nlp.hypermodel.ie.generic.config.GenericIeHypermodelConfiguration.
2019-08-09 14:33:44.936  INFO   --- [main] c.w.v.n.m.c.ConfigurationInstance        : Named entity hpoConfiguration was overridden in configuration class com.workfusion.vds.nlp.hypermodel.GenericHpoConfiguration.
2019-08-09 14:33:44.938  WARN   --- [main] c.w.v.n.m.c.ConfigurationBuilder         : Feature extractors are not provided
2019-08-09 14:33:44.938  WARN   --- [main] c.w.v.n.m.c.ConfigurationBuilder         : Annotators are not provided
2019-08-09 14:33:46.354  INFO   --- [main] c.w.v.n.m.c.ConfigurationInstance        : Named entity basePostProcessors was overridden in configuration class com.workfusion.vds.nlp.hypermodel.ie.generic.config.GenericIeHypermodelConfiguration.
2019-08-09 14:33:46.356  INFO   --- [main] c.w.v.n.m.c.ConfigurationInstance        : Named entity hpoConfiguration was overridden in configuration class com.workfusion.vds.nlp.hypermodel.GenericHpoConfiguration.
2019-08-09 14:33:46.357  INFO   --- [main] c.w.v.n.m.c.ConfigurationInstance        : Named entity basePostProcessors was overridden in configuration class com.workfusion.vds.nlp.hypermodel.ie.generic.config.GenericIeHypermodelConfiguration.
2019-08-09 14:33:46.357  INFO   --- [main] c.w.v.n.m.c.ConfigurationInstance        : Named entity hpoConfiguration was overridden in configuration class com.workfusion.vds.nlp.hypermodel.GenericHpoConfiguration.
2019-08-09 14:33:46.358  WARN   --- [main] c.w.v.n.m.c.ConfigurationBuilder         : Feature extractors are not provided
2019-08-09 14:33:46.358  WARN   --- [main] c.w.v.n.m.c.ConfigurationBuilder         : Annotators are not provided
2019-08-09 14:33:46.747  INFO   --- [main] c.w.v.nlp.hypermodel.runner.ModelRunner  : Model execution completed!
