2019-08-22 11:10:05.935  INFO   --- [main] c.w.v.n.m.c.ConfigurationInstance        : Named entity basePostProcessors was overridden in configuration class com.workfusion.vds.nlp.hypermodel.ie.generic.config.GenericIeHypermodelConfiguration.
2019-08-22 11:10:06.015  INFO   --- [main] c.w.v.n.m.c.ConfigurationInstance        : Named entity hpoConfiguration was overridden in configuration class com.workfusion.vds.nlp.hypermodel.GenericHpoConfiguration.
2019-08-22 11:10:06.062  INFO   --- [main] c.w.v.n.m.c.ConfigurationInstance        : Named entity basePostProcessors was overridden in configuration class com.workfusion.vds.nlp.hypermodel.ie.generic.config.GenericIeHypermodelConfiguration.
2019-08-22 11:10:06.069  INFO   --- [main] c.w.v.n.m.c.ConfigurationInstance        : Named entity hpoConfiguration was overridden in configuration class com.workfusion.vds.nlp.hypermodel.GenericHpoConfiguration.
2019-08-22 11:10:06.167  WARN   --- [main] c.w.v.n.m.c.ConfigurationBuilder         : Feature extractors are not provided
2019-08-22 11:10:06.167  WARN   --- [main] c.w.v.n.m.c.ConfigurationBuilder         : Annotators are not provided
2019-08-22 11:10:24.206  INFO   --- [PerPageIeCompositeAnnotator-thread-2] c.w.n.u.e.r.MultiDictionaryProvider      : Directory 'C:\Users\wiskow.sj\workfusion-workspace\assignment\output\training\output\model\invoice_date\dictionaries' does not exist.
2019-08-22 11:10:24.193  INFO   --- [PerPageIeCompositeAnnotator-thread-2] c.w.n.u.e.r.MultiDictionaryProvider      : Directory 'C:\Users\wiskow.sj\workfusion-workspace\assignment\output\training\output\model\invoice_date\dictionaries' does not exist.
2019-08-22 11:10:24.193  INFO   --- [PerPageIeCompositeAnnotator-thread-1] c.w.n.u.e.r.MultiDictionaryProvider      : Directory 'C:\Users\wiskow.sj\workfusion-workspace\assignment\output\training\output\model\invoice_number\dictionaries' does not exist.
2019-08-22 11:10:24.193  INFO   --- [PerPageIeCompositeAnnotator-thread-0] c.w.n.u.e.r.MultiDictionaryProvider      : Directory 'C:\Users\wiskow.sj\workfusion-workspace\assignment\output\training\output\model\supplier_name\dictionaries' does not exist.
2019-08-22 11:10:24.190  INFO   --- [PerPageIeCompositeAnnotator-thread-0] c.w.n.u.e.r.MultiDictionaryProvider      : Directory 'C:\Users\wiskow.sj\workfusion-workspace\assignment\output\training\output\model\supplier_name\dictionaries' does not exist.
2019-08-22 11:10:24.190  INFO   --- [PerPageIeCompositeAnnotator-thread-1] c.w.n.u.e.r.MultiDictionaryProvider      : Directory 'C:\Users\wiskow.sj\workfusion-workspace\assignment\output\training\output\model\invoice_number\dictionaries' does not exist.
2019-08-22 11:10:24.194  INFO   --- [PerPageIeCompositeAnnotator-thread-1] c.w.n.u.e.r.MultiDictionaryProvider      : Directory 'C:\Users\wiskow.sj\workfusion-workspace\assignment\output\training\output\model\invoice_number\dictionaries' does not exist.
2019-08-22 11:10:24.194  INFO   --- [PerPageIeCompositeAnnotator-thread-1] c.w.n.u.e.r.MultiDictionaryProvider      : Directory 'C:\Users\wiskow.sj\workfusion-workspace\assignment\output\training\output\model\invoice_number\dictionaries' does not exist.
2019-08-22 11:10:24.190  INFO   --- [PerPageIeCompositeAnnotator-thread-1] c.w.n.u.e.r.MultiDictionaryProvider      : Directory 'C:\Users\wiskow.sj\workfusion-workspace\assignment\output\training\output\model\invoice_number\dictionaries' does not exist.
2019-08-22 11:10:24.190  INFO   --- [PerPageIeCompositeAnnotator-thread-0] c.w.n.u.e.r.MultiDictionaryProvider      : Directory 'C:\Users\wiskow.sj\workfusion-workspace\assignment\output\training\output\model\supplier_name\dictionaries' does not exist.
2019-08-22 11:10:24.194  INFO   --- [PerPageIeCompositeAnnotator-thread-0] c.w.n.u.e.r.MultiDictionaryProvider      : Directory 'C:\Users\wiskow.sj\workfusion-workspace\assignment\output\training\output\model\supplier_name\dictionaries' does not exist.
2019-08-22 11:10:24.139  INFO   --- [PerPageIeCompositeAnnotator-thread-0] c.w.n.u.e.r.MultiDictionaryProvider      : Directory 'C:\Users\wiskow.sj\workfusion-workspace\assignment\output\training\output\model\supplier_name\dictionaries' does not exist.
2019-08-22 11:10:24.194  INFO   --- [PerPageIeCompositeAnnotator-thread-0] c.w.n.u.e.r.MultiDictionaryProvider      : Directory 'C:\Users\wiskow.sj\workfusion-workspace\assignment\output\training\output\model\supplier_name\dictionaries' does not exist.
2019-08-22 11:10:24.191  INFO   --- [PerPageIeCompositeAnnotator-thread-1] c.w.n.u.e.r.MultiDictionaryProvider      : Directory 'C:\Users\wiskow.sj\workfusion-workspace\assignment\output\training\output\model\invoice_number\dictionaries' does not exist.
2019-08-22 11:10:24.193  INFO   --- [PerPageIeCompositeAnnotator-thread-2] c.w.n.u.e.r.MultiDictionaryProvider      : Directory 'C:\Users\wiskow.sj\workfusion-workspace\assignment\output\training\output\model\invoice_date\dictionaries' does not exist.
2019-08-22 11:10:24.194  INFO   --- [PerPageIeCompositeAnnotator-thread-2] c.w.n.u.e.r.MultiDictionaryProvider      : Directory 'C:\Users\wiskow.sj\workfusion-workspace\assignment\output\training\output\model\invoice_date\dictionaries' does not exist.
2019-08-22 11:10:24.195  INFO   --- [PerPageIeCompositeAnnotator-thread-2] c.w.n.u.e.r.MultiDictionaryProvider      : Directory 'C:\Users\wiskow.sj\workfusion-workspace\assignment\output\training\output\model\invoice_date\dictionaries' does not exist.
2019-08-22 11:10:24.196  INFO   --- [PerPageIeCompositeAnnotator-thread-2] c.w.n.u.e.r.MultiDictionaryProvider      : Directory 'C:\Users\wiskow.sj\workfusion-workspace\assignment\output\training\output\model\invoice_date\dictionaries' does not exist.
2019-08-22 11:10:26.844  INFO   --- [[Procesing Pipeline#4 Thread]::] com.workfusion.vds.mesos.CpePipeline     : Complete processing file file:///C:/Users/wiskow.sj/workfusion-workspace/assignment/validation/b_424261_1526302379_1.html
2019-08-22 11:10:27.998  INFO   --- [[Procesing Pipeline#4 Thread]::] com.workfusion.vds.mesos.CpePipeline     : Complete processing file file:///C:/Users/wiskow.sj/workfusion-workspace/assignment/validation/c_427915_1526302430_0.html
2019-08-22 11:10:28.576  INFO   --- [[Procesing Pipeline#4 Thread]::] com.workfusion.vds.mesos.CpePipeline     : Complete processing file file:///C:/Users/wiskow.sj/workfusion-workspace/assignment/validation/doc00123920180117122119.html
2019-08-22 11:10:29.276  INFO   --- [[Procesing Pipeline#4 Thread]::] com.workfusion.vds.mesos.CpePipeline     : Complete processing file file:///C:/Users/wiskow.sj/workfusion-workspace/assignment/validation/doc00125020180117122554.html
2019-08-22 11:10:30.347  INFO   --- [PerPageIeCompositeAnnotator-thread-0] c.w.n.u.e.r.MultiDictionaryProvider      : Directory 'C:\Users\wiskow.sj\workfusion-workspace\assignment\output\training\output\model\supplier_name\dictionaries' does not exist.
2019-08-22 11:10:30.619  INFO   --- [PerPageIeCompositeAnnotator-thread-2] c.w.n.u.e.r.MultiDictionaryProvider      : Directory 'C:\Users\wiskow.sj\workfusion-workspace\assignment\output\training\output\model\invoice_date\dictionaries' does not exist.
2019-08-22 11:10:31.069  INFO   --- [PerPageIeCompositeAnnotator-thread-1] c.w.n.u.e.r.MultiDictionaryProvider      : Directory 'C:\Users\wiskow.sj\workfusion-workspace\assignment\output\training\output\model\invoice_number\dictionaries' does not exist.
2019-08-22 11:10:38.803  INFO   --- [PerPageIeCompositeAnnotator-thread-1] c.w.n.u.e.r.MultiDictionaryProvider      : Directory 'C:\Users\wiskow.sj\workfusion-workspace\assignment\output\training\output\model\total_amount\dictionaries' does not exist.
2019-08-22 11:10:38.829  INFO   --- [PerPageIeCompositeAnnotator-thread-1] c.w.n.u.e.r.MultiDictionaryProvider      : Directory 'C:\Users\wiskow.sj\workfusion-workspace\assignment\output\training\output\model\total_amount\dictionaries' does not exist.
2019-08-22 11:10:38.877  INFO   --- [PerPageIeCompositeAnnotator-thread-1] c.w.n.u.e.r.MultiDictionaryProvider      : Directory 'C:\Users\wiskow.sj\workfusion-workspace\assignment\output\training\output\model\total_amount\dictionaries' does not exist.
2019-08-22 11:10:38.857  INFO   --- [PerPageIeCompositeAnnotator-thread-0] c.w.n.u.e.r.MultiDictionaryProvider      : Directory 'C:\Users\wiskow.sj\workfusion-workspace\assignment\output\training\output\model\total_amount\dictionaries' does not exist.
2019-08-22 11:10:38.842  INFO   --- [PerPageIeCompositeAnnotator-thread-1] c.w.n.u.e.r.MultiDictionaryProvider      : Directory 'C:\Users\wiskow.sj\workfusion-workspace\assignment\output\training\output\model\total_amount\dictionaries' does not exist.
2019-08-22 11:10:39.881  INFO   --- [PerPageIeCompositeAnnotator-thread-1] c.w.n.u.e.r.MultiDictionaryProvider      : Directory 'C:\Users\wiskow.sj\workfusion-workspace\assignment\output\training\output\model\total_amount\dictionaries' does not exist.
2019-08-22 11:10:39.863  INFO   --- [PerPageIeCompositeAnnotator-thread-1] c.w.n.u.e.r.MultiDictionaryProvider      : Directory 'C:\Users\wiskow.sj\workfusion-workspace\assignment\output\training\output\model\email\dictionaries' does not exist.
2019-08-22 11:10:40.996  INFO   --- [PerPageIeCompositeAnnotator-thread-0] c.w.n.u.e.r.MultiDictionaryProvider      : Directory 'C:\Users\wiskow.sj\workfusion-workspace\assignment\output\training\output\model\email\dictionaries' does not exist.
2019-08-22 11:10:42.893  INFO   --- [PerPageIeCompositeAnnotator-thread-2] c.w.n.u.e.r.MultiDictionaryProvider      : Directory 'C:\Users\wiskow.sj\workfusion-workspace\assignment\output\training\output\model\email\dictionaries' does not exist.
2019-08-22 11:10:43.182  INFO   --- [PerPageIeCompositeAnnotator-thread-1] c.w.n.u.e.r.MultiDictionaryProvider      : Directory 'C:\Users\wiskow.sj\workfusion-workspace\assignment\output\training\output\model\total_amount\dictionaries' does not exist.
2019-08-22 11:10:43.583  INFO   --- [PerPageIeCompositeAnnotator-thread-2] c.w.n.u.e.r.MultiDictionaryProvider      : Directory 'C:\Users\wiskow.sj\workfusion-workspace\assignment\output\training\output\model\email\dictionaries' does not exist.
2019-08-22 11:10:43.945  INFO   --- [PerPageIeCompositeAnnotator-thread-2] c.w.n.u.e.r.MultiDictionaryProvider      : Directory 'C:\Users\wiskow.sj\workfusion-workspace\assignment\output\training\output\model\product\dictionaries' does not exist.
2019-08-22 11:10:45.113  INFO   --- [PerPageIeCompositeAnnotator-thread-0] c.w.n.u.e.r.MultiDictionaryProvider      : Directory 'C:\Users\wiskow.sj\workfusion-workspace\assignment\output\training\output\model\email\dictionaries' does not exist.
2019-08-22 11:10:47.245  INFO   --- [PerPageIeCompositeAnnotator-thread-2] c.w.n.u.e.r.MultiDictionaryProvider      : Directory 'C:\Users\wiskow.sj\workfusion-workspace\assignment\output\training\output\model\product\dictionaries' does not exist.
2019-08-22 11:10:48.158  INFO   --- [PerPageIeCompositeAnnotator-thread-2] c.w.n.u.e.r.MultiDictionaryProvider      : Directory 'C:\Users\wiskow.sj\workfusion-workspace\assignment\output\training\output\model\email\dictionaries' does not exist.
2019-08-22 11:10:48.167  INFO   --- [PerPageIeCompositeAnnotator-thread-1] c.w.n.u.e.r.MultiDictionaryProvider      : Directory 'C:\Users\wiskow.sj\workfusion-workspace\assignment\output\training\output\model\email\dictionaries' does not exist.
2019-08-22 11:10:48.173  INFO   --- [PerPageIeCompositeAnnotator-thread-0] c.w.n.u.e.r.MultiDictionaryProvider      : Directory 'C:\Users\wiskow.sj\workfusion-workspace\assignment\output\training\output\model\product\dictionaries' does not exist.
2019-08-22 11:10:48.348  INFO   --- [PerPageIeCompositeAnnotator-thread-0] c.w.n.u.e.r.MultiDictionaryProvider      : Directory 'C:\Users\wiskow.sj\workfusion-workspace\assignment\output\training\output\model\quantity\dictionaries' does not exist.
2019-08-22 11:10:48.361  INFO   --- [PerPageIeCompositeAnnotator-thread-0] c.w.n.u.e.r.MultiDictionaryProvider      : Directory 'C:\Users\wiskow.sj\workfusion-workspace\assignment\output\training\output\model\quantity\dictionaries' does not exist.
2019-08-22 11:10:48.613  INFO   --- [PerPageIeCompositeAnnotator-thread-2] c.w.n.u.e.r.MultiDictionaryProvider      : Directory 'C:\Users\wiskow.sj\workfusion-workspace\assignment\output\training\output\model\product\dictionaries' does not exist.
2019-08-22 11:10:48.999  INFO   --- [PerPageIeCompositeAnnotator-thread-2] c.w.n.u.e.r.MultiDictionaryProvider      : Directory 'C:\Users\wiskow.sj\workfusion-workspace\assignment\output\training\output\model\product\dictionaries' does not exist.
2019-08-22 11:10:50.251  INFO   --- [PerPageIeCompositeAnnotator-thread-0] c.w.n.u.e.r.MultiDictionaryProvider      : Directory 'C:\Users\wiskow.sj\workfusion-workspace\assignment\output\training\output\model\quantity\dictionaries' does not exist.
2019-08-22 11:10:50.294  INFO   --- [PerPageIeCompositeAnnotator-thread-2] c.w.n.u.e.r.MultiDictionaryProvider      : Directory 'C:\Users\wiskow.sj\workfusion-workspace\assignment\output\training\output\model\product\dictionaries' does not exist.
2019-08-22 11:10:51.023  INFO   --- [PerPageIeCompositeAnnotator-thread-1] c.w.n.u.e.r.MultiDictionaryProvider      : Directory 'C:\Users\wiskow.sj\workfusion-workspace\assignment\output\training\output\model\quantity\dictionaries' does not exist.
2019-08-22 11:10:52.203  INFO   --- [PerPageIeCompositeAnnotator-thread-0] c.w.n.u.e.r.MultiDictionaryProvider      : Directory 'C:\Users\wiskow.sj\workfusion-workspace\assignment\output\training\output\model\quantity\dictionaries' does not exist.
2019-08-22 11:10:52.894  INFO   --- [PerPageIeCompositeAnnotator-thread-0] c.w.n.u.e.r.MultiDictionaryProvider      : Directory 'C:\Users\wiskow.sj\workfusion-workspace\assignment\output\training\output\model\price\dictionaries' does not exist.
2019-08-22 11:10:53.208  INFO   --- [PerPageIeCompositeAnnotator-thread-0] c.w.n.u.e.r.MultiDictionaryProvider      : Directory 'C:\Users\wiskow.sj\workfusion-workspace\assignment\output\training\output\model\price\dictionaries' does not exist.
2019-08-22 11:10:53.232  INFO   --- [PerPageIeCompositeAnnotator-thread-2] c.w.n.u.e.r.MultiDictionaryProvider      : Directory 'C:\Users\wiskow.sj\workfusion-workspace\assignment\output\training\output\model\price\dictionaries' does not exist.
2019-08-22 11:10:53.932  INFO   --- [PerPageIeCompositeAnnotator-thread-1] c.w.n.u.e.r.MultiDictionaryProvider      : Directory 'C:\Users\wiskow.sj\workfusion-workspace\assignment\output\training\output\model\quantity\dictionaries' does not exist.
2019-08-22 11:10:54.266  INFO   --- [PerPageIeCompositeAnnotator-thread-2] c.w.n.u.e.r.MultiDictionaryProvider      : Directory 'C:\Users\wiskow.sj\workfusion-workspace\assignment\output\training\output\model\product\dictionaries' does not exist.
2019-08-22 11:10:54.374  INFO   --- [PerPageIeCompositeAnnotator-thread-2] c.w.n.u.e.r.MultiDictionaryProvider      : Directory 'C:\Users\wiskow.sj\workfusion-workspace\assignment\output\training\output\model\price\dictionaries' does not exist.
2019-08-22 11:10:54.451  INFO   --- [PerPageIeCompositeAnnotator-thread-2] c.w.n.u.e.r.MultiDictionaryProvider      : Directory 'C:\Users\wiskow.sj\workfusion-workspace\assignment\output\training\output\model\price\dictionaries' does not exist.
2019-08-22 11:10:56.411  INFO   --- [PerPageIeCompositeAnnotator-thread-1] c.w.n.u.e.r.MultiDictionaryProvider      : Directory 'C:\Users\wiskow.sj\workfusion-workspace\assignment\output\training\output\model\price\dictionaries' does not exist.
2019-08-22 11:10:56.561  INFO   --- [PerPageIeCompositeAnnotator-thread-0] c.w.n.u.e.r.MultiDictionaryProvider      : Directory 'C:\Users\wiskow.sj\workfusion-workspace\assignment\output\training\output\model\quantity\dictionaries' does not exist.
2019-08-22 11:10:58.939  INFO   --- [PerPageIeCompositeAnnotator-thread-1] c.w.n.u.e.r.MultiDictionaryProvider      : Directory 'C:\Users\wiskow.sj\workfusion-workspace\assignment\output\training\output\model\price\dictionaries' does not exist.
2019-08-22 11:11:00.498  INFO   --- [[Procesing Pipeline#4 Thread]::] com.workfusion.vds.mesos.CpePipeline     : Complete processing file file:///C:/Users/wiskow.sj/workfusion-workspace/assignment/validation/doc00145620180117152142.html
2019-08-22 11:11:00.529  INFO   --- [[Procesing Pipeline#5 Thread]::] com.workfusion.vds.mesos.CpePipeline     : Complete processing file file:///C:/Users/wiskow.sj/workfusion-workspace/assignment/validation/389842_advanced_1526302224_2.html
2019-08-22 11:11:02.083  INFO   --- [[Procesing Pipeline#3 Thread]::] com.workfusion.vds.mesos.CpePipeline     : Complete processing file file:///C:/Users/wiskow.sj/workfusion-workspace/assignment/validation/389842_advanced_1526302224_1.html
2019-08-22 11:11:02.590  INFO   --- [[Procesing Pipeline#7 Thread]::] com.workfusion.vds.mesos.CpePipeline     : Complete processing file file:///C:/Users/wiskow.sj/workfusion-workspace/assignment/validation/0025c002-4ec2-4c6a-ac40-b1cb4d14cb18_1526302796_3.html
2019-08-22 11:11:04.096  INFO   --- [[Procesing Pipeline#1 Thread]::] com.workfusion.vds.mesos.CpePipeline     : Complete processing file file:///C:/Users/wiskow.sj/workfusion-workspace/assignment/validation/389057_1526301926_1.html
2019-08-22 11:11:05.061  INFO   --- [[Procesing Pipeline#2 Thread]::] com.workfusion.vds.mesos.CpePipeline     : Complete processing file file:///C:/Users/wiskow.sj/workfusion-workspace/assignment/validation/0025c002-4ec2-4c6a-ac40-b1cb4d14cb18_1526302796_2.html
2019-08-22 11:11:05.367  INFO   --- [[Procesing Pipeline#6 Thread]::] com.workfusion.vds.mesos.CpePipeline     : Complete processing file file:///C:/Users/wiskow.sj/workfusion-workspace/assignment/validation/389057_1526301926_2.html
